{"meta": {"format": 3, "version": "7.13.0", "timestamp": "2026-02-06T16:01:46.508912", "branch_coverage": false, "show_contexts": false}, "files": {"app\\__init__.py": {"executed_lines": [1], "summary": {"covered_lines": 0, "num_statements": 0, "percent_covered": 100.0, "percent_covered_display": "100.0", "missing_lines": 0, "excluded_lines": 0, "percent_statements_covered": 100.0, "percent_statements_covered_display": "100.0"}, "missing_lines": [], "excluded_lines": [], "functions": {"": {"executed_lines": [1], "summary": {"covered_lines": 0, "num_statements": 0, "percent_covered": 100.0, "percent_covered_display": "100.0", "missing_lines": 0, "excluded_lines": 0, "percent_statements_covered": 100.0, "percent_statements_covered_display": "100.0"}, "missing_lines": [], "excluded_lines": []}}, "classes": {"": {"executed_lines": [1], "summary": {"covered_lines": 0, "num_statements": 0, "percent_covered": 100.0, "percent_covered_display": "100.0", "missing_lines": 0, "excluded_lines": 0, "percent_statements_covered": 100.0, "percent_statements_covered_display": "100.0"}, "missing_lines": [], "excluded_lines": []}}}, "app\\core\\__init__.py": {"executed_lines": [1], "summary": {"covered_lines": 0, "num_statements": 0, "percent_covered": 100.0, "percent_covered_display": "100.0", "missing_lines": 0, "excluded_lines": 0, "percent_statements_covered": 100.0, "percent_statements_covered_display": "100.0"}, "missing_lines": [], "excluded_lines": [], "functions": {"": {"executed_lines": [1], "summary": {"covered_lines": 0, "num_statements": 0, "percent_covered": 100.0, "percent_covered_display": "100.0", "missing_lines": 0, "excluded_lines": 0, "percent_statements_covered": 100.0, "percent_statements_covered_display": "100.0"}, "missing_lines": [], "excluded_lines": []}}, "classes": {"": {"executed_lines": [1], "summary": {"covered_lines": 0, "num_statements": 0, "percent_covered": 100.0, "percent_covered_display": "100.0", "missing_lines": 0, "excluded_lines": 0, "percent_statements_covered": 100.0, "percent_statements_covered_display": "100.0"}, "missing_lines": [], "excluded_lines": []}}}, "app\\core\\config.py": {"executed_lines": [1, 3, 4, 6, 7, 10, 11, 14, 15, 18, 19, 20, 21, 22, 23, 26, 30, 37, 46, 47, 48, 49, 52, 53, 56, 63, 70, 77, 86, 93, 100, 107, 114, 121, 131, 141, 151, 160, 167, 174, 181, 188, 197, 204, 211, 220, 227, 234, 241, 251, 260, 267, 274, 286, 289, 293, 296, 302, 309, 316, 323, 332, 339, 347, 357, 365, 372, 382, 390, 400, 409, 417, 425, 433, 441, 449, 458, 461, 465, 472, 478, 485, 492, 499, 506, 513, 521, 528, 529, 530, 531, 532, 535, 536, 539], "summary": {"covered_lines": 93, "num_statements": 93, "percent_covered": 100.0, "percent_covered_display": "100.0", "missing_lines": 0, "excluded_lines": 0, "percent_statements_covered": 100.0, "percent_statements_covered_display": "100.0"}, "missing_lines": [], "excluded_lines": [], "functions": {"get_settings": {"executed_lines": [539], "summary": {"covered_lines": 1, "num_statements": 1, "percent_covered": 100.0, "percent_covered_display": "100.0", "missing_lines": 0, "excluded_lines": 0, "percent_statements_covered": 100.0, "percent_statements_covered_display": "100.0"}, "missing_lines": [], "excluded_lines": []}, "": {"executed_lines": [1, 3, 4, 6, 7, 10, 11, 14, 15, 18, 19, 20, 21, 22, 23, 26, 30, 37, 46, 47, 48, 49, 52, 53, 56, 63, 70, 77, 86, 93, 100, 107, 114, 121, 131, 141, 151, 160, 167, 174, 181, 188, 197, 204, 211, 220, 227, 234, 241, 251, 260, 267, 274, 286, 289, 293, 296, 302, 309, 316, 323, 332, 339, 347, 357, 365, 372, 382, 390, 400, 409, 417, 425, 433, 441, 449, 458, 461, 465, 472, 478, 485, 492, 499, 506, 513, 521, 528, 529, 530, 531, 532, 535, 536], "summary": {"covered_lines": 92, "num_statements": 92, "percent_covered": 100.0, "percent_covered_display": "100.0", "missing_lines": 0, "excluded_lines": 0, "percent_statements_covered": 100.0, "percent_statements_covered_display": "100.0"}, "missing_lines": [], "excluded_lines": []}}, "classes": {"Settings": {"executed_lines": [], "summary": {"covered_lines": 0, "num_statements": 0, "percent_covered": 100.0, "percent_covered_display": "100.0", "missing_lines": 0, "excluded_lines": 0, "percent_statements_covered": 100.0, "percent_statements_covered_display": "100.0"}, "missing_lines": [], "excluded_lines": []}, "": {"executed_lines": [1, 3, 4, 6, 7, 10, 11, 14, 15, 18, 19, 20, 21, 22, 23, 26, 30, 37, 46, 47, 48, 49, 52, 53, 56, 63, 70, 77, 86, 93, 100, 107, 114, 121, 131, 141, 151, 160, 167, 174, 181, 188, 197, 204, 211, 220, 227, 234, 241, 251, 260, 267, 274, 286, 289, 293, 296, 302, 309, 316, 323, 332, 339, 347, 357, 365, 372, 382, 390, 400, 409, 417, 425, 433, 441, 449, 458, 461, 465, 472, 478, 485, 492, 499, 506, 513, 521, 528, 529, 530, 531, 532, 535, 536, 539], "summary": {"covered_lines": 93, "num_statements": 93, "percent_covered": 100.0, "percent_covered_display": "100.0", "missing_lines": 0, "excluded_lines": 0, "percent_statements_covered": 100.0, "percent_statements_covered_display": "100.0"}, "missing_lines": [], "excluded_lines": []}}}, "app\\core\\error_handlers.py": {"executed_lines": [1, 2, 4, 5, 6, 7, 8, 11, 12, 14, 15, 17, 27, 37, 53, 56, 59, 69, 70, 72, 73, 81, 82, 88, 89, 126, 127], "summary": {"covered_lines": 26, "num_statements": 55, "percent_covered": 47.27272727272727, "percent_covered_display": "47.3", "missing_lines": 29, "excluded_lines": 0, "percent_statements_covered": 47.27272727272727, "percent_statements_covered_display": "47.3"}, "missing_lines": [13, 60, 61, 62, 63, 74, 75, 76, 83, 91, 99, 100, 102, 103, 106, 107, 108, 109, 110, 111, 113, 114, 121, 122, 124, 129, 138, 139, 141], "excluded_lines": [], "functions": {"register_exception_handlers": {"executed_lines": [59, 69, 70, 72, 73, 81, 82, 88, 89, 126, 127], "summary": {"covered_lines": 11, "num_statements": 11, "percent_covered": 100.0, "percent_covered_display": "100.0", "missing_lines": 0, "excluded_lines": 0, "percent_statements_covered": 100.0, "percent_statements_covered_display": "100.0"}, "missing_lines": [], "excluded_lines": []}, "register_exception_handlers.handle_custom_errors": {"executed_lines": [], "summary": {"covered_lines": 0, "num_statements": 4, "percent_covered": 0.0, "percent_covered_display": "0.0", "missing_lines": 4, "excluded_lines": 0, "percent_statements_covered": 0.0, "percent_statements_covered_display": "0.0"}, "missing_lines": [60, 61, 62, 63], "excluded_lines": []}, "register_exception_handlers.http_exception_handler": {"executed_lines": [], "summary": {"covered_lines": 0, "num_statements": 3, "percent_covered": 0.0, "percent_covered_display": "0.0", "missing_lines": 3, "excluded_lines": 0, "percent_statements_covered": 0.0, "percent_statements_covered_display": "0.0"}, "missing_lines": [74, 75, 76], "excluded_lines": []}, "register_exception_handlers.validation_exception_handler": {"executed_lines": [], "summary": {"covered_lines": 0, "num_statements": 1, "percent_covered": 0.0, "percent_covered_display": "0.0", "missing_lines": 1, "excluded_lines": 0, "percent_statements_covered": 0.0, "percent_statements_covered_display": "0.0"}, "missing_lines": [83], "excluded_lines": []}, "register_exception_handlers.sqlalchemy_exception_handler": {"executed_lines": [], "summary": {"covered_lines": 0, "num_statements": 16, "percent_covered": 0.0, "percent_covered_display": "0.0", "missing_lines": 16, "excluded_lines": 0, "percent_statements_covered": 0.0, "percent_statements_covered_display": "0.0"}, "missing_lines": [91, 99, 100, 102, 103, 106, 107, 108, 109, 110, 111, 113, 114, 121, 122, 124], "excluded_lines": []}, "register_exception_handlers.generic_exception_handler": {"executed_lines": [], "summary": {"covered_lines": 0, "num_statements": 4, "percent_covered": 0.0, "percent_covered_display": "0.0", "missing_lines": 4, "excluded_lines": 0, "percent_statements_covered": 0.0, "percent_statements_covered_display": "0.0"}, "missing_lines": [129, 138, 139, 141], "excluded_lines": []}, "": {"executed_lines": [1, 2, 4, 5, 6, 7, 8, 11, 12, 14, 15, 17, 27, 37, 53, 56], "summary": {"covered_lines": 15, "num_statements": 16, "percent_covered": 93.75, "percent_covered_display": "93.8", "missing_lines": 1, "excluded_lines": 0, "percent_statements_covered": 93.75, "percent_statements_covered_display": "93.8"}, "missing_lines": [13], "excluded_lines": []}}, "classes": {"": {"executed_lines": [1, 2, 4, 5, 6, 7, 8, 11, 12, 14, 15, 17, 27, 37, 53, 56, 59, 69, 70, 72, 73, 81, 82, 88, 89, 126, 127], "summary": {"covered_lines": 26, "num_statements": 55, "percent_covered": 47.27272727272727, "percent_covered_display": "47.3", "missing_lines": 29, "excluded_lines": 0, "percent_statements_covered": 47.27272727272727, "percent_statements_covered_display": "47.3"}, "missing_lines": [13, 60, 61, 62, 63, 74, 75, 76, 83, 91, 99, 100, 102, 103, 106, 107, 108, 109, 110, 111, 113, 114, 121, 122, 124, 129, 138, 139, 141], "excluded_lines": []}}}, "app\\core\\exceptions.py": {"executed_lines": [1, 2, 5, 6, 8, 12, 13, 15, 19, 20, 22, 23, 26, 27, 29, 33, 34, 36, 40, 41, 43, 47, 48, 50, 54, 55, 57], "summary": {"covered_lines": 18, "num_statements": 25, "percent_covered": 72.0, "percent_covered_display": "72.0", "missing_lines": 7, "excluded_lines": 0, "percent_statements_covered": 72.0, "percent_statements_covered_display": "72.0"}, "missing_lines": [9, 16, 30, 37, 44, 51, 58], "excluded_lines": [], "functions": {"FeatureNotActiveError.__init__": {"executed_lines": [], "summary": {"covered_lines": 0, "num_statements": 1, "percent_covered": 0.0, "percent_covered_display": "0.0", "missing_lines": 1, "excluded_lines": 0, "percent_statements_covered": 0.0, "percent_statements_covered_display": "0.0"}, "missing_lines": [9], "excluded_lines": []}, "NoFeatureTodayError.__init__": {"executed_lines": [], "summary": {"covered_lines": 0, "num_statements": 1, "percent_covered": 0.0, "percent_covered_display": "0.0", "missing_lines": 1, "excluded_lines": 0, "percent_statements_covered": 0.0, "percent_statements_covered_display": "0.0"}, "missing_lines": [16], "excluded_lines": []}, "InvalidConfigError.__init__": {"executed_lines": [23], "summary": {"covered_lines": 1, "num_statements": 1, "percent_covered": 100.0, "percent_covered_display": "100.0", "missing_lines": 0, "excluded_lines": 0, "percent_statements_covered": 100.0, "percent_statements_covered_display": "100.0"}, "missing_lines": [], "excluded_lines": []}, "DailyLimitReachedError.__init__": {"executed_lines": [], "summary": {"covered_lines": 0, "num_statements": 1, "percent_covered": 0.0, "percent_covered_display": "0.0", "missing_lines": 1, "excluded_lines": 0, "percent_statements_covered": 0.0, "percent_statements_covered_display": "0.0"}, "missing_lines": [30], "excluded_lines": []}, "LockAcquisitionError.__init__": {"executed_lines": [], "summary": {"covered_lines": 0, "num_statements": 1, "percent_covered": 0.0, "percent_covered_display": "0.0", "missing_lines": 1, "excluded_lines": 0, "percent_statements_covered": 0.0, "percent_statements_covered_display": "0.0"}, "missing_lines": [37], "excluded_lines": []}, "NotEnoughTokensError.__init__": {"executed_lines": [], "summary": {"covered_lines": 0, "num_statements": 1, "percent_covered": 0.0, "percent_covered_display": "0.0", "missing_lines": 1, "excluded_lines": 0, "percent_statements_covered": 0.0, "percent_statements_covered_display": "0.0"}, "missing_lines": [44], "excluded_lines": []}, "ForbiddenError.__init__": {"executed_lines": [], "summary": {"covered_lines": 0, "num_statements": 1, "percent_covered": 0.0, "percent_covered_display": "0.0", "missing_lines": 1, "excluded_lines": 0, "percent_statements_covered": 0.0, "percent_statements_covered_display": "0.0"}, "missing_lines": [51], "excluded_lines": []}, "TooManyRequestsError.__init__": {"executed_lines": [], "summary": {"covered_lines": 0, "num_statements": 1, "percent_covered": 0.0, "percent_covered_display": "0.0", "missing_lines": 1, "excluded_lines": 0, "percent_statements_covered": 0.0, "percent_statements_covered_display": "0.0"}, "missing_lines": [58], "excluded_lines": []}, "": {"executed_lines": [1, 2, 5, 6, 8, 12, 13, 15, 19, 20, 22, 26, 27, 29, 33, 34, 36, 40, 41, 43, 47, 48, 50, 54, 55, 57], "summary": {"covered_lines": 17, "num_statements": 17, "percent_covered": 100.0, "percent_covered_display": "100.0", "missing_lines": 0, "excluded_lines": 0, "percent_statements_covered": 100.0, "percent_statements_covered_display": "100.0"}, "missing_lines": [], "excluded_lines": []}}, "classes": {"FeatureNotActiveError": {"executed_lines": [], "summary": {"covered_lines": 0, "num_statements": 1, "percent_covered": 0.0, "percent_covered_display": "0.0", "missing_lines": 1, "excluded_lines": 0, "percent_statements_covered": 0.0, "percent_statements_covered_display": "0.0"}, "missing_lines": [9], "excluded_lines": []}, "NoFeatureTodayError": {"executed_lines": [], "summary": {"covered_lines": 0, "num_statements": 1, "percent_covered": 0.0, "percent_covered_display": "0.0", "missing_lines": 1, "excluded_lines": 0, "percent_statements_covered": 0.0, "percent_statements_covered_display": "0.0"}, "missing_lines": [16], "excluded_lines": []}, "InvalidConfigError": {"executed_lines": [23], "summary": {"covered_lines": 1, "num_statements": 1, "percent_covered": 100.0, "percent_covered_display": "100.0", "missing_lines": 0, "excluded_lines": 0, "percent_statements_covered": 100.0, "percent_statements_covered_display": "100.0"}, "missing_lines": [], "excluded_lines": []}, "DailyLimitReachedError": {"executed_lines": [], "summary": {"covered_lines": 0, "num_statements": 1, "percent_covered": 0.0, "percent_covered_display": "0.0", "missing_lines": 1, "excluded_lines": 0, "percent_statements_covered": 0.0, "percent_statements_covered_display": "0.0"}, "missing_lines": [30], "excluded_lines": []}, "LockAcquisitionError": {"executed_lines": [], "summary": {"covered_lines": 0, "num_statements": 1, "percent_covered": 0.0, "percent_covered_display": "0.0", "missing_lines": 1, "excluded_lines": 0, "percent_statements_covered": 0.0, "percent_statements_covered_display": "0.0"}, "missing_lines": [37], "excluded_lines": []}, "NotEnoughTokensError": {"executed_lines": [], "summary": {"covered_lines": 0, "num_statements": 1, "percent_covered": 0.0, "percent_covered_display": "0.0", "missing_lines": 1, "excluded_lines": 0, "percent_statements_covered": 0.0, "percent_statements_covered_display": "0.0"}, "missing_lines": [44], "excluded_lines": []}, "ForbiddenError": {"executed_lines": [], "summary": {"covered_lines": 0, "num_statements": 1, "percent_covered": 0.0, "percent_covered_display": "0.0", "missing_lines": 1, "excluded_lines": 0, "percent_statements_covered": 0.0, "percent_statements_covered_display": "0.0"}, "missing_lines": [51], "excluded_lines": []}, "TooManyRequestsError": {"executed_lines": [], "summary": {"covered_lines": 0, "num_statements": 1, "percent_covered": 0.0, "percent_covered_display": "0.0", "missing_lines": 1, "excluded_lines": 0, "percent_statements_covered": 0.0, "percent_statements_covered_display": "0.0"}, "missing_lines": [58], "excluded_lines": []}, "": {"executed_lines": [1, 2, 5, 6, 8, 12, 13, 15, 19, 20, 22, 26, 27, 29, 33, 34, 36, 40, 41, 43, 47, 48, 50, 54, 55, 57], "summary": {"covered_lines": 17, "num_statements": 17, "percent_covered": 100.0, "percent_covered_display": "100.0", "missing_lines": 0, "excluded_lines": 0, "percent_statements_covered": 100.0, "percent_statements_covered_display": "100.0"}, "missing_lines": [], "excluded_lines": []}}}, "app\\core\\kst_response.py": {"executed_lines": [1, 3, 5, 6, 8, 9, 11, 14, 15, 17], "summary": {"covered_lines": 8, "num_statements": 10, "percent_covered": 80.0, "percent_covered_display": "80.0", "missing_lines": 2, "excluded_lines": 0, "percent_statements_covered": 80.0, "percent_statements_covered_display": "80.0"}, "missing_lines": [18, 19], "excluded_lines": [], "functions": {"KstJSONResponse.render": {"executed_lines": [], "summary": {"covered_lines": 0, "num_statements": 2, "percent_covered": 0.0, "percent_covered_display": "0.0", "missing_lines": 2, "excluded_lines": 0, "percent_statements_covered": 0.0, "percent_statements_covered_display": "0.0"}, "missing_lines": [18, 19], "excluded_lines": []}, "": {"executed_lines": [1, 3, 5, 6, 8, 9, 11, 14, 15, 17], "summary": {"covered_lines": 8, "num_statements": 8, "percent_covered": 100.0, "percent_covered_display": "100.0", "missing_lines": 0, "excluded_lines": 0, "percent_statements_covered": 100.0, "percent_statements_covered_display": "100.0"}, "missing_lines": [], "excluded_lines": []}}, "classes": {"KstJSONResponse": {"executed_lines": [], "summary": {"covered_lines": 0, "num_statements": 2, "percent_covered": 0.0, "percent_covered_display": "0.0", "missing_lines": 2, "excluded_lines": 0, "percent_statements_covered": 0.0, "percent_statements_covered_display": "0.0"}, "missing_lines": [18, 19], "excluded_lines": []}, "": {"executed_lines": [1, 3, 5, 6, 8, 9, 11, 14, 15, 17], "summary": {"covered_lines": 8, "num_statements": 8, "percent_covered": 100.0, "percent_covered_display": "100.0", "missing_lines": 0, "excluded_lines": 0, "percent_statements_covered": 100.0, "percent_statements_covered_display": "100.0"}, "missing_lines": [], "excluded_lines": []}}}, "app\\core\\metrics.py": {"executed_lines": [], "summary": {"covered_lines": 0, "num_statements": 7, "percent_covered": 0.0, "percent_covered_display": "0.0", "missing_lines": 7, "excluded_lines": 0, "percent_statements_covered": 0.0, "percent_statements_covered_display": "0.0"}, "missing_lines": [1, 4, 9, 16, 21, 26, 33], "excluded_lines": [], "functions": {"": {"executed_lines": [], "summary": {"covered_lines": 0, "num_statements": 7, "percent_covered": 0.0, "percent_covered_display": "0.0", "missing_lines": 7, "excluded_lines": 0, "percent_statements_covered": 0.0, "percent_statements_covered_display": "0.0"}, "missing_lines": [1, 4, 9, 16, 21, 26, 33], "excluded_lines": []}}, "classes": {"": {"executed_lines": [], "summary": {"covered_lines": 0, "num_statements": 7, "percent_covered": 0.0, "percent_covered_display": "0.0", "missing_lines": 7, "excluded_lines": 0, "percent_statements_covered": 0.0, "percent_statements_covered_display": "0.0"}, "missing_lines": [1, 4, 9, 16, 21, 26, 33], "excluded_lines": []}}}, "app\\core\\notifications.py": {"executed_lines": [1, 2, 3, 4, 6, 8, 27, 32, 37, 65], "summary": {"covered_lines": 10, "num_statements": 55, "percent_covered": 18.181818181818183, "percent_covered_display": "18.2", "missing_lines": 45, "excluded_lines": 0, "percent_statements_covered": 18.181818181818183, "percent_statements_covered_display": "18.2"}, "missing_lines": [10, 11, 13, 14, 15, 17, 18, 22, 23, 24, 25, 29, 30, 34, 35, 42, 43, 44, 45, 47, 48, 54, 55, 56, 57, 58, 59, 60, 61, 62, 63, 70, 71, 72, 74, 75, 81, 83, 84, 85, 86, 87, 88, 89, 90], "excluded_lines": [], "functions": {"send_ops_notification": {"executed_lines": [], "summary": {"covered_lines": 0, "num_statements": 11, "percent_covered": 0.0, "percent_covered_display": "0.0", "missing_lines": 11, "excluded_lines": 0, "percent_statements_covered": 0.0, "percent_statements_covered_display": "0.0"}, "missing_lines": [10, 11, 13, 14, 15, 17, 18, 22, 23, 24, 25], "excluded_lines": []}, "notify_vault_skip_error": {"executed_lines": [], "summary": {"covered_lines": 0, "num_statements": 2, "percent_covered": 0.0, "percent_covered_display": "0.0", "missing_lines": 2, "excluded_lines": 0, "percent_statements_covered": 0.0, "percent_statements_covered_display": "0.0"}, "missing_lines": [29, 30], "excluded_lines": []}, "notify_admin_action": {"executed_lines": [], "summary": {"covered_lines": 0, "num_statements": 2, "percent_covered": 0.0, "percent_covered_display": "0.0", "missing_lines": 2, "excluded_lines": 0, "percent_statements_covered": 0.0, "percent_statements_covered_display": "0.0"}, "missing_lines": [34, 35], "excluded_lines": []}, "send_telegram_user_message": {"executed_lines": [], "summary": {"covered_lines": 0, "num_statements": 16, "percent_covered": 0.0, "percent_covered_display": "0.0", "missing_lines": 16, "excluded_lines": 0, "percent_statements_covered": 0.0, "percent_statements_covered_display": "0.0"}, "missing_lines": [42, 43, 44, 45, 47, 48, 54, 55, 56, 57, 58, 59, 60, 61, 62, 63], "excluded_lines": []}, "send_telegram_user_message_sync": {"executed_lines": [], "summary": {"covered_lines": 0, "num_statements": 14, "percent_covered": 0.0, "percent_covered_display": "0.0", "missing_lines": 14, "excluded_lines": 0, "percent_statements_covered": 0.0, "percent_statements_covered_display": "0.0"}, "missing_lines": [70, 71, 72, 74, 75, 81, 83, 84, 85, 86, 87, 88, 89, 90], "excluded_lines": []}, "": {"executed_lines": [1, 2, 3, 4, 6, 8, 27, 32, 37, 65], "summary": {"covered_lines": 10, "num_statements": 10, "percent_covered": 100.0, "percent_covered_display": "100.0", "missing_lines": 0, "excluded_lines": 0, "percent_statements_covered": 100.0, "percent_statements_covered_display": "100.0"}, "missing_lines": [], "excluded_lines": []}}, "classes": {"": {"executed_lines": [1, 2, 3, 4, 6, 8, 27, 32, 37, 65], "summary": {"covered_lines": 10, "num_statements": 55, "percent_covered": 18.181818181818183, "percent_covered_display": "18.2", "missing_lines": 45, "excluded_lines": 0, "percent_statements_covered": 18.181818181818183, "percent_statements_covered_display": "18.2"}, "missing_lines": [10, 11, 13, 14, 15, 17, 18, 22, 23, 24, 25, 29, 30, 34, 35, 42, 43, 44, 45, 47, 48, 54, 55, 56, 57, 58, 59, 60, 61, 62, 63, 70, 71, 72, 74, 75, 81, 83, 84, 85, 86, 87, 88, 89, 90], "excluded_lines": []}}}, "app\\core\\redis.py": {"executed_lines": [1, 2, 3, 5, 9], "summary": {"covered_lines": 4, "num_statements": 4, "percent_covered": 100.0, "percent_covered_display": "100.0", "missing_lines": 0, "excluded_lines": 0, "percent_statements_covered": 100.0, "percent_statements_covered_display": "100.0"}, "missing_lines": [], "excluded_lines": [], "functions": {"": {"executed_lines": [1, 2, 3, 5, 9], "summary": {"covered_lines": 4, "num_statements": 4, "percent_covered": 100.0, "percent_covered_display": "100.0", "missing_lines": 0, "excluded_lines": 0, "percent_statements_covered": 100.0, "percent_statements_covered_display": "100.0"}, "missing_lines": [], "excluded_lines": []}}, "classes": {"": {"executed_lines": [1, 2, 3, 5, 9], "summary": {"covered_lines": 4, "num_statements": 4, "percent_covered": 100.0, "percent_covered_display": "100.0", "missing_lines": 0, "excluded_lines": 0, "percent_statements_covered": 100.0, "percent_statements_covered_display": "100.0"}, "missing_lines": [], "excluded_lines": []}}}, "app\\core\\security.py": {"executed_lines": [1, 2, 3, 5, 6, 7, 9, 12, 34, 52, 62, 71, 78, 83], "summary": {"covered_lines": 13, "num_statements": 56, "percent_covered": 23.214285714285715, "percent_covered_display": "23.2", "missing_lines": 43, "excluded_lines": 0, "percent_statements_covered": 23.214285714285715, "percent_statements_covered_display": "23.2"}, "missing_lines": [18, 19, 20, 21, 23, 24, 25, 26, 27, 28, 30, 31, 39, 40, 41, 42, 49, 53, 54, 55, 56, 57, 58, 59, 63, 64, 66, 67, 68, 72, 73, 74, 75, 80, 85, 86, 89, 90, 91, 92, 93, 96, 97], "excluded_lines": [], "functions": {"create_access_token": {"executed_lines": [], "summary": {"covered_lines": 0, "num_statements": 12, "percent_covered": 0.0, "percent_covered_display": "0.0", "missing_lines": 12, "excluded_lines": 0, "percent_statements_covered": 0.0, "percent_statements_covered_display": "0.0"}, "missing_lines": [18, 19, 20, 21, 23, 24, 25, 26, 27, 28, 30, 31], "excluded_lines": []}, "create_telegram_link_token": {"executed_lines": [], "summary": {"covered_lines": 0, "num_statements": 5, "percent_covered": 0.0, "percent_covered_display": "0.0", "missing_lines": 5, "excluded_lines": 0, "percent_statements_covered": 0.0, "percent_statements_covered_display": "0.0"}, "missing_lines": [39, 40, 41, 42, 49], "excluded_lines": []}, "_decode_token": {"executed_lines": [], "summary": {"covered_lines": 0, "num_statements": 7, "percent_covered": 0.0, "percent_covered_display": "0.0", "missing_lines": 7, "excluded_lines": 0, "percent_statements_covered": 0.0, "percent_statements_covered_display": "0.0"}, "missing_lines": [53, 54, 55, 56, 57, 58, 59], "excluded_lines": []}, "decode_access_token": {"executed_lines": [], "summary": {"covered_lines": 0, "num_statements": 5, "percent_covered": 0.0, "percent_covered_display": "0.0", "missing_lines": 5, "excluded_lines": 0, "percent_statements_covered": 0.0, "percent_statements_covered_display": "0.0"}, "missing_lines": [63, 64, 66, 67, 68], "excluded_lines": []}, "decode_telegram_link_token": {"executed_lines": [], "summary": {"covered_lines": 0, "num_statements": 4, "percent_covered": 0.0, "percent_covered_display": "0.0", "missing_lines": 4, "excluded_lines": 0, "percent_statements_covered": 0.0, "percent_statements_covered_display": "0.0"}, "missing_lines": [72, 73, 74, 75], "excluded_lines": []}, "hash_password": {"executed_lines": [], "summary": {"covered_lines": 0, "num_statements": 1, "percent_covered": 0.0, "percent_covered_display": "0.0", "missing_lines": 1, "excluded_lines": 0, "percent_statements_covered": 0.0, "percent_statements_covered_display": "0.0"}, "missing_lines": [80], "excluded_lines": []}, "verify_password": {"executed_lines": [], "summary": {"covered_lines": 0, "num_statements": 9, "percent_covered": 0.0, "percent_covered_display": "0.0", "missing_lines": 9, "excluded_lines": 0, "percent_statements_covered": 0.0, "percent_statements_covered_display": "0.0"}, "missing_lines": [85, 86, 89, 90, 91, 92, 93, 96, 97], "excluded_lines": []}, "": {"executed_lines": [1, 2, 3, 5, 6, 7, 9, 12, 34, 52, 62, 71, 78, 83], "summary": {"covered_lines": 13, "num_statements": 13, "percent_covered": 100.0, "percent_covered_display": "100.0", "missing_lines": 0, "excluded_lines": 0, "percent_statements_covered": 100.0, "percent_statements_covered_display": "100.0"}, "missing_lines": [], "excluded_lines": []}}, "classes": {"": {"executed_lines": [1, 2, 3, 5, 6, 7, 9, 12, 34, 52, 62, 71, 78, 83], "summary": {"covered_lines": 13, "num_statements": 56, "percent_covered": 23.214285714285715, "percent_covered_display": "23.2", "missing_lines": 43, "excluded_lines": 0, "percent_statements_covered": 23.214285714285715, "percent_statements_covered_display": "23.2"}, "missing_lines": [18, 19, 20, 21, 23, 24, 25, 26, 27, 28, 30, 31, 39, 40, 41, 42, 49, 53, 54, 55, 56, 57, 58, 59, 63, 64, 66, 67, 68, 72, 73, 74, 75, 80, 85, 86, 89, 90, 91, 92, 93, 96, 97], "excluded_lines": []}}}, "app\\core\\telegram.py": {"executed_lines": [], "summary": {"covered_lines": 0, "num_statements": 21, "percent_covered": 0.0, "percent_covered_display": "0.0", "missing_lines": 21, "excluded_lines": 0, "percent_statements_covered": 0.0, "percent_statements_covered_display": "0.0"}, "missing_lines": [1, 2, 3, 4, 5, 7, 9, 14, 17, 19, 20, 22, 23, 24, 25, 29, 32, 35, 39, 40, 42], "excluded_lines": [], "functions": {"validate_init_data": {"executed_lines": [], "summary": {"covered_lines": 0, "num_statements": 14, "percent_covered": 0.0, "percent_covered_display": "0.0", "missing_lines": 14, "excluded_lines": 0, "percent_statements_covered": 0.0, "percent_statements_covered_display": "0.0"}, "missing_lines": [14, 17, 19, 20, 22, 23, 24, 25, 29, 32, 35, 39, 40, 42], "excluded_lines": []}, "": {"executed_lines": [], "summary": {"covered_lines": 0, "num_statements": 7, "percent_covered": 0.0, "percent_covered_display": "0.0", "missing_lines": 7, "excluded_lines": 0, "percent_statements_covered": 0.0, "percent_statements_covered_display": "0.0"}, "missing_lines": [1, 2, 3, 4, 5, 7, 9], "excluded_lines": []}}, "classes": {"": {"executed_lines": [], "summary": {"covered_lines": 0, "num_statements": 21, "percent_covered": 0.0, "percent_covered_display": "0.0", "missing_lines": 21, "excluded_lines": 0, "percent_statements_covered": 0.0, "percent_statements_covered_display": "0.0"}, "missing_lines": [1, 2, 3, 4, 5, 7, 9, 14, 17, 19, 20, 22, 23, 24, 25, 29, 32, 35, 39, 40, 42], "excluded_lines": []}}}, "app\\db\\__init__.py": {"executed_lines": [1], "summary": {"covered_lines": 0, "num_statements": 0, "percent_covered": 100.0, "percent_covered_display": "100.0", "missing_lines": 0, "excluded_lines": 0, "percent_statements_covered": 100.0, "percent_statements_covered_display": "100.0"}, "missing_lines": [], "excluded_lines": [], "functions": {"": {"executed_lines": [1], "summary": {"covered_lines": 0, "num_statements": 0, "percent_covered": 100.0, "percent_covered_display": "100.0", "missing_lines": 0, "excluded_lines": 0, "percent_statements_covered": 100.0, "percent_statements_covered_display": "100.0"}, "missing_lines": [], "excluded_lines": []}}, "classes": {"": {"executed_lines": [1], "summary": {"covered_lines": 0, "num_statements": 0, "percent_covered": 100.0, "percent_covered_display": "100.0", "missing_lines": 0, "excluded_lines": 0, "percent_statements_covered": 100.0, "percent_statements_covered_display": "100.0"}, "missing_lines": [], "excluded_lines": []}}}, "app\\db\\base.py": {"executed_lines": [1, 2, 5, 71, 72], "summary": {"covered_lines": 4, "num_statements": 4, "percent_covered": 100.0, "percent_covered_display": "100.0", "missing_lines": 0, "excluded_lines": 0, "percent_statements_covered": 100.0, "percent_statements_covered_display": "100.0"}, "missing_lines": [], "excluded_lines": [], "functions": {"": {"executed_lines": [1, 2, 5, 71, 72], "summary": {"covered_lines": 4, "num_statements": 4, "percent_covered": 100.0, "percent_covered_display": "100.0", "missing_lines": 0, "excluded_lines": 0, "percent_statements_covered": 100.0, "percent_statements_covered_display": "100.0"}, "missing_lines": [], "excluded_lines": []}}, "classes": {"": {"executed_lines": [1, 2, 5, 71, 72], "summary": {"covered_lines": 4, "num_statements": 4, "percent_covered": 100.0, "percent_covered_display": "100.0", "missing_lines": 0, "excluded_lines": 0, "percent_statements_covered": 100.0, "percent_statements_covered_display": "100.0"}, "missing_lines": [], "excluded_lines": []}}}, "app\\db\\base_class.py": {"executed_lines": [1, 2, 4], "summary": {"covered_lines": 2, "num_statements": 2, "percent_covered": 100.0, "percent_covered_display": "100.0", "missing_lines": 0, "excluded_lines": 0, "percent_statements_covered": 100.0, "percent_statements_covered_display": "100.0"}, "missing_lines": [], "excluded_lines": [], "functions": {"": {"executed_lines": [1, 2, 4], "summary": {"covered_lines": 2, "num_statements": 2, "percent_covered": 100.0, "percent_covered_display": "100.0", "missing_lines": 0, "excluded_lines": 0, "percent_statements_covered": 100.0, "percent_statements_covered_display": "100.0"}, "missing_lines": [], "excluded_lines": []}}, "classes": {"": {"executed_lines": [1, 2, 4], "summary": {"covered_lines": 2, "num_statements": 2, "percent_covered": 100.0, "percent_covered_display": "100.0", "missing_lines": 0, "excluded_lines": 0, "percent_statements_covered": 100.0, "percent_statements_covered_display": "100.0"}, "missing_lines": [], "excluded_lines": []}}}, "app\\db\\session.py": {"executed_lines": [1, 2, 3, 5, 7, 9, 10], "summary": {"covered_lines": 6, "num_statements": 6, "percent_covered": 100.0, "percent_covered_display": "100.0", "missing_lines": 0, "excluded_lines": 0, "percent_statements_covered": 100.0, "percent_statements_covered_display": "100.0"}, "missing_lines": [], "excluded_lines": [], "functions": {"": {"executed_lines": [1, 2, 3, 5, 7, 9, 10], "summary": {"covered_lines": 6, "num_statements": 6, "percent_covered": 100.0, "percent_covered_display": "100.0", "missing_lines": 0, "excluded_lines": 0, "percent_statements_covered": 100.0, "percent_statements_covered_display": "100.0"}, "missing_lines": [], "excluded_lines": []}}, "classes": {"": {"executed_lines": [1, 2, 3, 5, 7, 9, 10], "summary": {"covered_lines": 6, "num_statements": 6, "percent_covered": 100.0, "percent_covered_display": "100.0", "missing_lines": 0, "excluded_lines": 0, "percent_statements_covered": 100.0, "percent_statements_covered_display": "100.0"}, "missing_lines": [], "excluded_lines": []}}}, "app\\main.py": {"executed_lines": [2, 3, 4, 5, 6, 7, 8, 10, 11, 12, 13, 14, 15, 16, 17, 18, 19, 21, 24, 28, 29, 93, 95, 101, 116, 119, 122, 125, 126, 128, 138, 139, 140, 141, 142, 143, 144, 145, 147, 148, 176, 177, 230, 231, 232, 233, 236, 237, 243, 244], "summary": {"covered_lines": 50, "num_statements": 151, "percent_covered": 33.11258278145695, "percent_covered_display": "33.1", "missing_lines": 101, "excluded_lines": 0, "percent_statements_covered": 33.11258278145695, "percent_statements_covered_display": "33.1"}, "missing_lines": [25, 30, 31, 32, 33, 34, 36, 41, 44, 45, 46, 49, 50, 53, 54, 57, 58, 61, 63, 87, 88, 89, 90, 91, 120, 149, 150, 151, 152, 153, 155, 158, 160, 161, 162, 163, 164, 165, 166, 167, 168, 169, 170, 173, 180, 181, 182, 183, 184, 185, 186, 187, 188, 189, 190, 191, 192, 193, 194, 195, 196, 197, 198, 199, 200, 201, 202, 203, 204, 205, 206, 207, 208, 209, 210, 211, 212, 213, 214, 215, 216, 217, 218, 219, 220, 221, 222, 223, 224, 225, 226, 227, 228, 240, 246, 247, 249, 250, 251, 252, 253], "excluded_lines": [], "functions": {"traces_sampler": {"executed_lines": [], "summary": {"covered_lines": 0, "num_statements": 10, "percent_covered": 0.0, "percent_covered_display": "0.0", "missing_lines": 10, "excluded_lines": 0, "percent_statements_covered": 0.0, "percent_statements_covered_display": "0.0"}, "missing_lines": [44, 45, 46, 49, 50, 53, 54, 57, 58, 61], "excluded_lines": []}, "startup_event": {"executed_lines": [], "summary": {"covered_lines": 0, "num_statements": 19, "percent_covered": 0.0, "percent_covered_display": "0.0", "missing_lines": 19, "excluded_lines": 0, "percent_statements_covered": 0.0, "percent_statements_covered_display": "0.0"}, "missing_lines": [149, 150, 151, 152, 153, 155, 158, 160, 161, 162, 163, 164, 165, 166, 167, 168, 169, 170, 173], "excluded_lines": []}, "shutdown_event": {"executed_lines": [], "summary": {"covered_lines": 0, "num_statements": 49, "percent_covered": 0.0, "percent_covered_display": "0.0", "missing_lines": 49, "excluded_lines": 0, "percent_statements_covered": 0.0, "percent_statements_covered_display": "0.0"}, "missing_lines": [180, 181, 182, 183, 184, 185, 186, 187, 188, 189, 190, 191, 192, 193, 194, 195, 196, 197, 198, 199, 200, 201, 202, 203, 204, 205, 206, 207, 208, 209, 210, 211, 212, 213, 214, 215, 216, 217, 218, 219, 220, 221, 222, 223, 224, 225, 226, 227, 228], "excluded_lines": []}, "root": {"executed_lines": [], "summary": {"covered_lines": 0, "num_statements": 1, "percent_covered": 0.0, "percent_covered_display": "0.0", "missing_lines": 1, "excluded_lines": 0, "percent_statements_covered": 0.0, "percent_statements_covered_display": "0.0"}, "missing_lines": [240], "excluded_lines": []}, "debug_sentry": {"executed_lines": [], "summary": {"covered_lines": 0, "num_statements": 7, "percent_covered": 0.0, "percent_covered_display": "0.0", "missing_lines": 7, "excluded_lines": 0, "percent_statements_covered": 0.0, "percent_statements_covered_display": "0.0"}, "missing_lines": [246, 247, 249, 250, 251, 252, 253], "excluded_lines": []}, "": {"executed_lines": [2, 3, 4, 5, 6, 7, 8, 10, 11, 12, 13, 14, 15, 16, 17, 18, 19, 21, 24, 28, 29, 93, 95, 101, 116, 119, 122, 125, 126, 128, 138, 139, 140, 141, 142, 143, 144, 145, 147, 148, 176, 177, 230, 231, 232, 233, 236, 237, 243, 244], "summary": {"covered_lines": 50, "num_statements": 65, "percent_covered": 76.92307692307692, "percent_covered_display": "76.9", "missing_lines": 15, "excluded_lines": 0, "percent_statements_covered": 76.92307692307692, "percent_statements_covered_display": "76.9"}, "missing_lines": [25, 30, 31, 32, 33, 34, 36, 41, 63, 87, 88, 89, 90, 91, 120], "excluded_lines": []}}, "classes": {"": {"executed_lines": [2, 3, 4, 5, 6, 7, 8, 10, 11, 12, 13, 14, 15, 16, 17, 18, 19, 21, 24, 28, 29, 93, 95, 101, 116, 119, 122, 125, 126, 128, 138, 139, 140, 141, 142, 143, 144, 145, 147, 148, 176, 177, 230, 231, 232, 233, 236, 237, 243, 244], "summary": {"covered_lines": 50, "num_statements": 151, "percent_covered": 33.11258278145695, "percent_covered_display": "33.1", "missing_lines": 101, "excluded_lines": 0, "percent_statements_covered": 33.11258278145695, "percent_statements_covered_display": "33.1"}, "missing_lines": [25, 30, 31, 32, 33, 34, 36, 41, 44, 45, 46, 49, 50, 53, 54, 57, 58, 61, 63, 87, 88, 89, 90, 91, 120, 149, 150, 151, 152, 153, 155, 158, 160, 161, 162, 163, 164, 165, 166, 167, 168, 169, 170, 173, 180, 181, 182, 183, 184, 185, 186, 187, 188, 189, 190, 191, 192, 193, 194, 195, 196, 197, 198, 199, 200, 201, 202, 203, 204, 205, 206, 207, 208, 209, 210, 211, 212, 213, 214, 215, 216, 217, 218, 219, 220, 221, 222, 223, 224, 225, 226, 227, 228, 240, 246, 247, 249, 250, 251, 252, 253], "excluded_lines": []}}}, "app\\schemas\\__init__.py": {"executed_lines": [], "summary": {"covered_lines": 0, "num_statements": 0, "percent_covered": 100.0, "percent_covered_display": "100.0", "missing_lines": 0, "excluded_lines": 0, "percent_statements_covered": 100.0, "percent_statements_covered_display": "100.0"}, "missing_lines": [], "excluded_lines": [], "functions": {"": {"executed_lines": [], "summary": {"covered_lines": 0, "num_statements": 0, "percent_covered": 100.0, "percent_covered_display": "100.0", "missing_lines": 0, "excluded_lines": 0, "percent_statements_covered": 100.0, "percent_statements_covered_display": "100.0"}, "missing_lines": [], "excluded_lines": []}}, "classes": {"": {"executed_lines": [], "summary": {"covered_lines": 0, "num_statements": 0, "percent_covered": 100.0, "percent_covered_display": "100.0", "missing_lines": 0, "excluded_lines": 0, "percent_statements_covered": 100.0, "percent_statements_covered_display": "100.0"}, "missing_lines": [], "excluded_lines": []}}}, "app\\schemas\\base.py": {"executed_lines": [], "summary": {"covered_lines": 0, "num_statements": 28, "percent_covered": 0.0, "percent_covered_display": "0.0", "missing_lines": 28, "excluded_lines": 0, "percent_statements_covered": 0.0, "percent_statements_covered_display": "0.0"}, "missing_lines": [6, 8, 9, 10, 12, 14, 17, 24, 25, 26, 29, 32, 35, 36, 37, 38, 39, 40, 41, 42, 43, 44, 47, 50, 56, 57, 58, 59], "excluded_lines": [], "functions": {"to_kst_datetime": {"executed_lines": [], "summary": {"covered_lines": 0, "num_statements": 3, "percent_covered": 0.0, "percent_covered_display": "0.0", "missing_lines": 3, "excluded_lines": 0, "percent_statements_covered": 0.0, "percent_statements_covered_display": "0.0"}, "missing_lines": [24, 25, 26], "excluded_lines": []}, "to_kst_iso": {"executed_lines": [], "summary": {"covered_lines": 0, "num_statements": 1, "percent_covered": 0.0, "percent_covered_display": "0.0", "missing_lines": 1, "excluded_lines": 0, "percent_statements_covered": 0.0, "percent_statements_covered_display": "0.0"}, "missing_lines": [32], "excluded_lines": []}, "_convert_datetimes": {"executed_lines": [], "summary": {"covered_lines": 0, "num_statements": 9, "percent_covered": 0.0, "percent_covered_display": "0.0", "missing_lines": 9, "excluded_lines": 0, "percent_statements_covered": 0.0, "percent_statements_covered_display": "0.0"}, "missing_lines": [36, 37, 38, 39, 40, 41, 42, 43, 44], "excluded_lines": []}, "KstBaseModel._serialize_kst": {"executed_lines": [], "summary": {"covered_lines": 0, "num_statements": 2, "percent_covered": 0.0, "percent_covered_display": "0.0", "missing_lines": 2, "excluded_lines": 0, "percent_statements_covered": 0.0, "percent_statements_covered_display": "0.0"}, "missing_lines": [58, 59], "excluded_lines": []}, "": {"executed_lines": [], "summary": {"covered_lines": 0, "num_statements": 13, "percent_covered": 0.0, "percent_covered_display": "0.0", "missing_lines": 13, "excluded_lines": 0, "percent_statements_covered": 0.0, "percent_statements_covered_display": "0.0"}, "missing_lines": [6, 8, 9, 10, 12, 14, 17, 29, 35, 47, 50, 56, 57], "excluded_lines": []}}, "classes": {"KstBaseModel": {"executed_lines": [], "summary": {"covered_lines": 0, "num_statements": 2, "percent_covered": 0.0, "percent_covered_display": "0.0", "missing_lines": 2, "excluded_lines": 0, "percent_statements_covered": 0.0, "percent_statements_covered_display": "0.0"}, "missing_lines": [58, 59], "excluded_lines": []}, "": {"executed_lines": [], "summary": {"covered_lines": 0, "num_statements": 26, "percent_covered": 0.0, "percent_covered_display": "0.0", "missing_lines": 26, "excluded_lines": 0, "percent_statements_covered": 0.0, "percent_statements_covered_display": "0.0"}, "missing_lines": [6, 8, 9, 10, 12, 14, 17, 24, 25, 26, 29, 32, 35, 36, 37, 38, 39, 40, 41, 42, 43, 44, 47, 50, 56, 57], "excluded_lines": []}}}, "app\\scripts\\__init__.py": {"executed_lines": [], "summary": {"covered_lines": 0, "num_statements": 0, "percent_covered": 100.0, "percent_covered_display": "100.0", "missing_lines": 0, "excluded_lines": 0, "percent_statements_covered": 100.0, "percent_statements_covered_display": "100.0"}, "missing_lines": [], "excluded_lines": [], "functions": {"": {"executed_lines": [], "summary": {"covered_lines": 0, "num_statements": 0, "percent_covered": 100.0, "percent_covered_display": "100.0", "missing_lines": 0, "excluded_lines": 0, "percent_statements_covered": 100.0, "percent_statements_covered_display": "100.0"}, "missing_lines": [], "excluded_lines": []}}, "classes": {"": {"executed_lines": [], "summary": {"covered_lines": 0, "num_statements": 0, "percent_covered": 100.0, "percent_covered_display": "100.0", "missing_lines": 0, "excluded_lines": 0, "percent_statements_covered": 100.0, "percent_statements_covered_display": "100.0"}, "missing_lines": [], "excluded_lines": []}}}, "app\\scripts\\seed_test_user_v2_login.py": {"executed_lines": [], "summary": {"covered_lines": 0, "num_statements": 19, "percent_covered": 0.0, "percent_covered_display": "0.0", "missing_lines": 19, "excluded_lines": 0, "percent_statements_covered": 0.0, "percent_statements_covered_display": "0.0"}, "missing_lines": [13, 14, 15, 18, 19, 20, 21, 22, 23, 28, 29, 31, 32, 34, 35, 36, 38, 41, 42], "excluded_lines": [], "functions": {"main": {"executed_lines": [], "summary": {"covered_lines": 0, "num_statements": 13, "percent_covered": 0.0, "percent_covered_display": "0.0", "missing_lines": 13, "excluded_lines": 0, "percent_statements_covered": 0.0, "percent_statements_covered_display": "0.0"}, "missing_lines": [19, 20, 21, 22, 23, 28, 29, 31, 32, 34, 35, 36, 38], "excluded_lines": []}, "": {"executed_lines": [], "summary": {"covered_lines": 0, "num_statements": 6, "percent_covered": 0.0, "percent_covered_display": "0.0", "missing_lines": 6, "excluded_lines": 0, "percent_statements_covered": 0.0, "percent_statements_covered_display": "0.0"}, "missing_lines": [13, 14, 15, 18, 41, 42], "excluded_lines": []}}, "classes": {"": {"executed_lines": [], "summary": {"covered_lines": 0, "num_statements": 19, "percent_covered": 0.0, "percent_covered_display": "0.0", "missing_lines": 19, "excluded_lines": 0, "percent_statements_covered": 0.0, "percent_statements_covered_display": "0.0"}, "missing_lines": [13, 14, 15, 18, 19, 20, 21, 22, 23, 28, 29, 31, 32, 34, 35, 36, 38, 41, 42], "excluded_lines": []}}}, "app\\v2\\api\\activity_routes.py": {"executed_lines": [1, 2, 4, 5, 7, 8, 9, 10, 12, 15, 16, 34, 35], "summary": {"covered_lines": 12, "num_statements": 14, "percent_covered": 85.71428571428571, "percent_covered_display": "85.7", "missing_lines": 2, "excluded_lines": 0, "percent_statements_covered": 85.71428571428571, "percent_statements_covered_display": "85.7"}, "missing_lines": [28, 46], "excluded_lines": [], "functions": {"ingest_activity": {"executed_lines": [], "summary": {"covered_lines": 0, "num_statements": 1, "percent_covered": 0.0, "percent_covered_display": "0.0", "missing_lines": 1, "excluded_lines": 0, "percent_statements_covered": 0.0, "percent_statements_covered_display": "0.0"}, "missing_lines": [28], "excluded_lines": []}, "record_activity": {"executed_lines": [], "summary": {"covered_lines": 0, "num_statements": 1, "percent_covered": 0.0, "percent_covered_display": "0.0", "missing_lines": 1, "excluded_lines": 0, "percent_statements_covered": 0.0, "percent_statements_covered_display": "0.0"}, "missing_lines": [46], "excluded_lines": []}, "": {"executed_lines": [1, 2, 4, 5, 7, 8, 9, 10, 12, 15, 16, 34, 35], "summary": {"covered_lines": 12, "num_statements": 12, "percent_covered": 100.0, "percent_covered_display": "100.0", "missing_lines": 0, "excluded_lines": 0, "percent_statements_covered": 100.0, "percent_statements_covered_display": "100.0"}, "missing_lines": [], "excluded_lines": []}}, "classes": {"": {"executed_lines": [1, 2, 4, 5, 7, 8, 9, 10, 12, 15, 16, 34, 35], "summary": {"covered_lines": 12, "num_statements": 14, "percent_covered": 85.71428571428571, "percent_covered_display": "85.7", "missing_lines": 2, "excluded_lines": 0, "percent_statements_covered": 85.71428571428571, "percent_statements_covered_display": "85.7"}, "missing_lines": [28, 46], "excluded_lines": []}}}, "app\\v2\\api\\admin\\analytics_routes.py": {"executed_lines": [1, 10, 11, 12, 14, 15, 16, 17, 19, 20, 21, 22, 23, 24, 25, 27, 35, 36, 37, 38, 39, 40, 41, 42, 43, 44, 47, 48, 49, 50, 51, 52, 53, 54, 57, 58, 59, 60, 63, 64, 65, 66, 67, 68, 69, 72, 73, 74, 75, 76, 84, 85, 86, 87, 88, 89, 90, 91, 92, 95, 96, 97, 98, 99, 100, 101, 102, 103, 104, 105, 108, 109, 110, 111, 112, 113, 114, 115, 116, 124, 125, 126, 127, 128, 129, 130, 131, 132, 133, 134, 137, 138, 139, 140, 141, 142, 143, 144, 145, 153, 155, 156, 158, 161, 195, 199, 213, 244, 245, 246, 247, 248, 249, 252, 253, 254, 255, 263, 264, 358, 359, 422, 423, 436, 438, 439, 443, 444, 454, 455, 456, 458, 459, 461, 470, 471, 472, 475, 482, 483, 485, 495, 496, 498, 500, 502, 515, 516, 524, 527, 532, 537, 539, 545, 551, 553, 559, 565, 566, 568, 574, 577, 579, 595, 596, 748, 749, 750, 751, 752, 753, 755, 756, 782, 783], "summary": {"covered_lines": 164, "num_statements": 313, "percent_covered": 52.3961661341853, "percent_covered_display": "52.4", "missing_lines": 149, "excluded_lines": 0, "percent_statements_covered": 52.3961661341853, "percent_statements_covered_display": "52.4"}, "missing_lines": [157, 168, 169, 171, 176, 178, 179, 182, 183, 184, 186, 192, 196, 200, 201, 203, 204, 205, 206, 208, 210, 223, 224, 225, 227, 228, 230, 231, 233, 234, 236, 276, 279, 280, 282, 284, 285, 287, 290, 291, 292, 294, 295, 296, 297, 298, 300, 301, 303, 304, 306, 311, 312, 313, 314, 316, 317, 318, 320, 331, 332, 333, 334, 336, 339, 340, 341, 343, 352, 370, 372, 373, 375, 377, 378, 379, 380, 382, 387, 388, 389, 390, 392, 400, 408, 410, 441, 447, 448, 449, 450, 452, 575, 609, 611, 612, 614, 616, 617, 619, 621, 622, 626, 629, 635, 640, 642, 643, 649, 650, 652, 653, 664, 667, 668, 674, 682, 683, 686, 689, 693, 698, 699, 702, 705, 707, 719, 721, 724, 730, 731, 733, 767, 768, 770, 774, 798, 799, 801, 802, 803, 804, 808, 815, 827, 838, 849, 858, 860], "excluded_lines": [], "functions": {"_get_kst_date": {"executed_lines": [155, 156, 158], "summary": {"covered_lines": 3, "num_statements": 4, "percent_covered": 75.0, "percent_covered_display": "75.0", "missing_lines": 1, "excluded_lines": 0, "percent_statements_covered": 75.0, "percent_statements_covered_display": "75.0"}, "missing_lines": [157], "excluded_lines": []}, "_calculate_retention": {"executed_lines": [], "summary": {"covered_lines": 0, "num_statements": 11, "percent_covered": 0.0, "percent_covered_display": "0.0", "missing_lines": 11, "excluded_lines": 0, "percent_statements_covered": 0.0, "percent_statements_covered_display": "0.0"}, "missing_lines": [168, 169, 171, 176, 178, 179, 182, 183, 184, 186, 192], "excluded_lines": []}, "_get_business_reset_hour_kst": {"executed_lines": [], "summary": {"covered_lines": 0, "num_statements": 1, "percent_covered": 0.0, "percent_covered_display": "0.0", "missing_lines": 1, "excluded_lines": 0, "percent_statements_covered": 0.0, "percent_statements_covered_display": "0.0"}, "missing_lines": [196], "excluded_lines": []}, "_get_business_date_kst": {"executed_lines": [], "summary": {"covered_lines": 0, "num_statements": 8, "percent_covered": 0.0, "percent_covered_display": "0.0", "missing_lines": 8, "excluded_lines": 0, "percent_statements_covered": 0.0, "percent_statements_covered_display": "0.0"}, "missing_lines": [200, 201, 203, 204, 205, 206, 208, 210], "excluded_lines": []}, "_business_day_range_for_date": {"executed_lines": [], "summary": {"covered_lines": 0, "num_statements": 10, "percent_covered": 0.0, "percent_covered_display": "0.0", "missing_lines": 10, "excluded_lines": 0, "percent_statements_covered": 0.0, "percent_statements_covered_display": "0.0"}, "missing_lines": [223, 224, 225, 227, 228, 230, 231, 233, 234, 236], "excluded_lines": []}, "get_retention_analysis": {"executed_lines": [], "summary": {"covered_lines": 0, "num_statements": 38, "percent_covered": 0.0, "percent_covered_display": "0.0", "missing_lines": 38, "excluded_lines": 0, "percent_statements_covered": 0.0, "percent_statements_covered_display": "0.0"}, "missing_lines": [276, 279, 280, 282, 284, 285, 287, 290, 291, 292, 294, 295, 296, 297, 298, 300, 301, 303, 304, 306, 311, 312, 313, 314, 316, 317, 318, 320, 331, 332, 333, 334, 336, 339, 340, 341, 343, 352], "excluded_lines": []}, "get_retention_trend": {"executed_lines": [], "summary": {"covered_lines": 0, "num_statements": 17, "percent_covered": 0.0, "percent_covered_display": "0.0", "missing_lines": 17, "excluded_lines": 0, "percent_statements_covered": 0.0, "percent_statements_covered_display": "0.0"}, "missing_lines": [370, 372, 373, 375, 377, 378, 379, 380, 382, 387, 388, 389, 390, 392, 400, 408, 410], "excluded_lines": []}, "get_revenue_breakdown": {"executed_lines": [436, 438, 439, 443, 444, 454, 455, 456, 458, 459, 461, 470, 471, 472, 475, 482, 483, 485, 495, 496, 498, 500, 502], "summary": {"covered_lines": 23, "num_statements": 29, "percent_covered": 79.3103448275862, "percent_covered_display": "79.3", "missing_lines": 6, "excluded_lines": 0, "percent_statements_covered": 79.3103448275862, "percent_statements_covered_display": "79.3"}, "missing_lines": [441, 447, 448, 449, 450, 452], "excluded_lines": []}, "get_revenue_summary": {"executed_lines": [524, 527, 532, 537, 539, 545, 551, 553, 559, 565, 566, 568, 574, 577, 579], "summary": {"covered_lines": 15, "num_statements": 16, "percent_covered": 93.75, "percent_covered_display": "93.8", "missing_lines": 1, "excluded_lines": 0, "percent_statements_covered": 93.75, "percent_statements_covered_display": "93.8"}, "missing_lines": [575], "excluded_lines": []}, "get_channel_performance": {"executed_lines": [], "summary": {"covered_lines": 0, "num_statements": 39, "percent_covered": 0.0, "percent_covered_display": "0.0", "missing_lines": 39, "excluded_lines": 0, "percent_statements_covered": 0.0, "percent_statements_covered_display": "0.0"}, "missing_lines": [609, 611, 612, 614, 616, 617, 619, 621, 622, 626, 629, 635, 640, 642, 643, 649, 650, 652, 653, 664, 667, 668, 674, 682, 683, 686, 689, 693, 698, 699, 702, 705, 707, 719, 721, 724, 730, 731, 733], "excluded_lines": []}, "get_roi_campaign_performance": {"executed_lines": [], "summary": {"covered_lines": 0, "num_statements": 4, "percent_covered": 0.0, "percent_covered_display": "0.0", "missing_lines": 4, "excluded_lines": 0, "percent_statements_covered": 0.0, "percent_statements_covered_display": "0.0"}, "missing_lines": [767, 768, 770, 774], "excluded_lines": []}, "get_funnel_daily": {"executed_lines": [], "summary": {"covered_lines": 0, "num_statements": 13, "percent_covered": 0.0, "percent_covered_display": "0.0", "missing_lines": 13, "excluded_lines": 0, "percent_statements_covered": 0.0, "percent_statements_covered_display": "0.0"}, "missing_lines": [798, 799, 801, 802, 803, 804, 808, 815, 827, 838, 849, 858, 860], "excluded_lines": []}, "": {"executed_lines": [1, 10, 11, 12, 14, 15, 16, 17, 19, 20, 21, 22, 23, 24, 25, 27, 35, 36, 37, 38, 39, 40, 41, 42, 43, 44, 47, 48, 49, 50, 51, 52, 53, 54, 57, 58, 59, 60, 63, 64, 65, 66, 67, 68, 69, 72, 73, 74, 75, 76, 84, 85, 86, 87, 88, 89, 90, 91, 92, 95, 96, 97, 98, 99, 100, 101, 102, 103, 104, 105, 108, 109, 110, 111, 112, 113, 114, 115, 116, 124, 125, 126, 127, 128, 129, 130, 131, 132, 133, 134, 137, 138, 139, 140, 141, 142, 143, 144, 145, 153, 161, 195, 199, 213, 244, 245, 246, 247, 248, 249, 252, 253, 254, 255, 263, 264, 358, 359, 422, 423, 515, 516, 595, 596, 748, 749, 750, 751, 752, 753, 755, 756, 782, 783], "summary": {"covered_lines": 123, "num_statements": 123, "percent_covered": 100.0, "percent_covered_display": "100.0", "missing_lines": 0, "excluded_lines": 0, "percent_statements_covered": 100.0, "percent_statements_covered_display": "100.0"}, "missing_lines": [], "excluded_lines": []}}, "classes": {"RetentionRateDto": {"executed_lines": [], "summary": {"covered_lines": 0, "num_statements": 0, "percent_covered": 100.0, "percent_covered_display": "100.0", "missing_lines": 0, "excluded_lines": 0, "percent_statements_covered": 100.0, "percent_statements_covered_display": "100.0"}, "missing_lines": [], "excluded_lines": []}, "RetentionSummaryDto": {"executed_lines": [], "summary": {"covered_lines": 0, "num_statements": 0, "percent_covered": 100.0, "percent_covered_display": "100.0", "missing_lines": 0, "excluded_lines": 0, "percent_statements_covered": 100.0, "percent_statements_covered_display": "100.0"}, "missing_lines": [], "excluded_lines": []}, "RetentionAnalysisResponse": {"executed_lines": [], "summary": {"covered_lines": 0, "num_statements": 0, "percent_covered": 100.0, "percent_covered_display": "100.0", "missing_lines": 0, "excluded_lines": 0, "percent_statements_covered": 100.0, "percent_statements_covered_display": "100.0"}, "missing_lines": [], "excluded_lines": []}, "RetentionTrendDto": {"executed_lines": [], "summary": {"covered_lines": 0, "num_statements": 0, "percent_covered": 100.0, "percent_covered_display": "100.0", "missing_lines": 0, "excluded_lines": 0, "percent_statements_covered": 100.0, "percent_statements_covered_display": "100.0"}, "missing_lines": [], "excluded_lines": []}, "RetentionTrendResponse": {"executed_lines": [], "summary": {"covered_lines": 0, "num_statements": 0, "percent_covered": 100.0, "percent_covered_display": "100.0", "missing_lines": 0, "excluded_lines": 0, "percent_statements_covered": 100.0, "percent_statements_covered_display": "100.0"}, "missing_lines": [], "excluded_lines": []}, "DailyRevenueDto": {"executed_lines": [], "summary": {"covered_lines": 0, "num_statements": 0, "percent_covered": 100.0, "percent_covered_display": "100.0", "missing_lines": 0, "excluded_lines": 0, "percent_statements_covered": 100.0, "percent_statements_covered_display": "100.0"}, "missing_lines": [], "excluded_lines": []}, "RevenueBreakdownDto": {"executed_lines": [], "summary": {"covered_lines": 0, "num_statements": 0, "percent_covered": 100.0, "percent_covered_display": "100.0", "missing_lines": 0, "excluded_lines": 0, "percent_statements_covered": 100.0, "percent_statements_covered_display": "100.0"}, "missing_lines": [], "excluded_lines": []}, "RevenueSummaryDto": {"executed_lines": [], "summary": {"covered_lines": 0, "num_statements": 0, "percent_covered": 100.0, "percent_covered_display": "100.0", "missing_lines": 0, "excluded_lines": 0, "percent_statements_covered": 100.0, "percent_statements_covered_display": "100.0"}, "missing_lines": [], "excluded_lines": []}, "ChannelPerformanceDto": {"executed_lines": [], "summary": {"covered_lines": 0, "num_statements": 0, "percent_covered": 100.0, "percent_covered_display": "100.0", "missing_lines": 0, "excluded_lines": 0, "percent_statements_covered": 100.0, "percent_statements_covered_display": "100.0"}, "missing_lines": [], "excluded_lines": []}, "MarketingEfficiencyResponse": {"executed_lines": [], "summary": {"covered_lines": 0, "num_statements": 0, "percent_covered": 100.0, "percent_covered_display": "100.0", "missing_lines": 0, "excluded_lines": 0, "percent_statements_covered": 100.0, "percent_statements_covered_display": "100.0"}, "missing_lines": [], "excluded_lines": []}, "FunnelDailyRowDto": {"executed_lines": [], "summary": {"covered_lines": 0, "num_statements": 0, "percent_covered": 100.0, "percent_covered_display": "100.0", "missing_lines": 0, "excluded_lines": 0, "percent_statements_covered": 100.0, "percent_statements_covered_display": "100.0"}, "missing_lines": [], "excluded_lines": []}, "FunnelDailyResponse": {"executed_lines": [], "summary": {"covered_lines": 0, "num_statements": 0, "percent_covered": 100.0, "percent_covered_display": "100.0", "missing_lines": 0, "excluded_lines": 0, "percent_statements_covered": 100.0, "percent_statements_covered_display": "100.0"}, "missing_lines": [], "excluded_lines": []}, "RoiCampaignDto": {"executed_lines": [], "summary": {"covered_lines": 0, "num_statements": 0, "percent_covered": 100.0, "percent_covered_display": "100.0", "missing_lines": 0, "excluded_lines": 0, "percent_statements_covered": 100.0, "percent_statements_covered_display": "100.0"}, "missing_lines": [], "excluded_lines": []}, "": {"executed_lines": [1, 10, 11, 12, 14, 15, 16, 17, 19, 20, 21, 22, 23, 24, 25, 27, 35, 36, 37, 38, 39, 40, 41, 42, 43, 44, 47, 48, 49, 50, 51, 52, 53, 54, 57, 58, 59, 60, 63, 64, 65, 66, 67, 68, 69, 72, 73, 74, 75, 76, 84, 85, 86, 87, 88, 89, 90, 91, 92, 95, 96, 97, 98, 99, 100, 101, 102, 103, 104, 105, 108, 109, 110, 111, 112, 113, 114, 115, 116, 124, 125, 126, 127, 128, 129, 130, 131, 132, 133, 134, 137, 138, 139, 140, 141, 142, 143, 144, 145, 153, 155, 156, 158, 161, 195, 199, 213, 244, 245, 246, 247, 248, 249, 252, 253, 254, 255, 263, 264, 358, 359, 422, 423, 436, 438, 439, 443, 444, 454, 455, 456, 458, 459, 461, 470, 471, 472, 475, 482, 483, 485, 495, 496, 498, 500, 502, 515, 516, 524, 527, 532, 537, 539, 545, 551, 553, 559, 565, 566, 568, 574, 577, 579, 595, 596, 748, 749, 750, 751, 752, 753, 755, 756, 782, 783], "summary": {"covered_lines": 164, "num_statements": 313, "percent_covered": 52.3961661341853, "percent_covered_display": "52.4", "missing_lines": 149, "excluded_lines": 0, "percent_statements_covered": 52.3961661341853, "percent_statements_covered_display": "52.4"}, "missing_lines": [157, 168, 169, 171, 176, 178, 179, 182, 183, 184, 186, 192, 196, 200, 201, 203, 204, 205, 206, 208, 210, 223, 224, 225, 227, 228, 230, 231, 233, 234, 236, 276, 279, 280, 282, 284, 285, 287, 290, 291, 292, 294, 295, 296, 297, 298, 300, 301, 303, 304, 306, 311, 312, 313, 314, 316, 317, 318, 320, 331, 332, 333, 334, 336, 339, 340, 341, 343, 352, 370, 372, 373, 375, 377, 378, 379, 380, 382, 387, 388, 389, 390, 392, 400, 408, 410, 441, 447, 448, 449, 450, 452, 575, 609, 611, 612, 614, 616, 617, 619, 621, 622, 626, 629, 635, 640, 642, 643, 649, 650, 652, 653, 664, 667, 668, 674, 682, 683, 686, 689, 693, 698, 699, 702, 705, 707, 719, 721, 724, 730, 731, 733, 767, 768, 770, 774, 798, 799, 801, 802, 803, 804, 808, 815, 827, 838, 849, 858, 860], "excluded_lines": []}}}, "app\\v2\\api\\admin\\csv_import_routes.py": {"executed_lines": [1, 2, 4, 6, 8, 9, 10, 12, 13, 17, 19, 20, 23, 24, 78, 79, 123, 124, 183, 184, 220, 223, 224, 225, 226, 227, 230, 231, 232, 233, 236, 237, 238, 239, 240, 241, 242, 243, 244, 245, 246, 247, 250, 251, 295, 296, 436, 437, 463, 464], "summary": {"covered_lines": 46, "num_statements": 224, "percent_covered": 20.535714285714285, "percent_covered_display": "20.5", "missing_lines": 178, "excluded_lines": 0, "percent_statements_covered": 20.535714285714285, "percent_statements_covered_display": "20.5"}, "missing_lines": [35, 37, 38, 41, 42, 44, 45, 46, 48, 50, 51, 52, 53, 54, 55, 56, 58, 60, 62, 63, 65, 75, 89, 91, 92, 95, 96, 99, 100, 101, 104, 105, 108, 109, 110, 113, 114, 116, 139, 141, 142, 144, 147, 148, 149, 152, 153, 155, 157, 162, 163, 165, 167, 172, 175, 176, 177, 179, 180, 198, 200, 201, 203, 206, 207, 208, 210, 211, 213, 266, 268, 269, 271, 273, 274, 280, 281, 287, 292, 310, 311, 313, 314, 316, 317, 318, 319, 321, 322, 325, 328, 329, 332, 335, 336, 338, 340, 341, 344, 345, 346, 347, 348, 349, 351, 352, 354, 355, 358, 359, 360, 362, 363, 366, 369, 370, 374, 375, 376, 377, 379, 381, 391, 404, 405, 406, 408, 409, 410, 411, 412, 414, 416, 443, 445, 446, 448, 450, 451, 457, 458, 459, 460, 470, 472, 473, 475, 476, 477, 479, 481, 485, 486, 487, 488, 489, 491, 493, 494, 495, 497, 498, 499, 501, 506, 507, 508, 510, 513, 514, 518, 519, 520, 521, 523, 524, 526, 540], "excluded_lines": [], "functions": {"validate_csv_file": {"executed_lines": [], "summary": {"covered_lines": 0, "num_statements": 22, "percent_covered": 0.0, "percent_covered_display": "0.0", "missing_lines": 22, "excluded_lines": 0, "percent_statements_covered": 0.0, "percent_statements_covered_display": "0.0"}, "missing_lines": [35, 37, 38, 41, 42, 44, 45, 46, 48, 50, 51, 52, 53, 54, 55, 56, 58, 60, 62, 63, 65, 75], "excluded_lines": []}, "upload_csv_file": {"executed_lines": [], "summary": {"covered_lines": 0, "num_statements": 16, "percent_covered": 0.0, "percent_covered_display": "0.0", "missing_lines": 16, "excluded_lines": 0, "percent_statements_covered": 0.0, "percent_statements_covered_display": "0.0"}, "missing_lines": [89, 91, 92, 95, 96, 99, 100, 101, 104, 105, 108, 109, 110, 113, 114, 116], "excluded_lines": []}, "import_csv_file": {"executed_lines": [], "summary": {"covered_lines": 0, "num_statements": 21, "percent_covered": 0.0, "percent_covered_display": "0.0", "missing_lines": 21, "excluded_lines": 0, "percent_statements_covered": 0.0, "percent_statements_covered_display": "0.0"}, "missing_lines": [139, 141, 142, 144, 147, 148, 149, 152, 153, 155, 157, 162, 163, 165, 167, 172, 175, 176, 177, 179, 180], "excluded_lines": []}, "estimate_import_time": {"executed_lines": [], "summary": {"covered_lines": 0, "num_statements": 10, "percent_covered": 0.0, "percent_covered_display": "0.0", "missing_lines": 10, "excluded_lines": 0, "percent_statements_covered": 0.0, "percent_statements_covered_display": "0.0"}, "missing_lines": [198, 200, 201, 203, 206, 207, 208, 210, 211, 213], "excluded_lines": []}, "paste_import": {"executed_lines": [], "summary": {"covered_lines": 0, "num_statements": 10, "percent_covered": 0.0, "percent_covered_display": "0.0", "missing_lines": 10, "excluded_lines": 0, "percent_statements_covered": 0.0, "percent_statements_covered_display": "0.0"}, "missing_lines": [266, 268, 269, 271, 273, 274, 280, 281, 287, 292], "excluded_lines": []}, "preview_paste_import": {"executed_lines": [], "summary": {"covered_lines": 0, "num_statements": 54, "percent_covered": 0.0, "percent_covered_display": "0.0", "missing_lines": 54, "excluded_lines": 0, "percent_statements_covered": 0.0, "percent_statements_covered_display": "0.0"}, "missing_lines": [310, 311, 313, 314, 316, 317, 318, 319, 321, 322, 325, 328, 329, 332, 335, 336, 338, 340, 341, 344, 345, 346, 347, 348, 349, 351, 352, 354, 355, 358, 359, 360, 362, 363, 366, 369, 370, 374, 375, 376, 377, 379, 381, 391, 404, 405, 406, 408, 409, 410, 411, 412, 414, 416], "excluded_lines": []}, "import_withdrawals": {"executed_lines": [], "summary": {"covered_lines": 0, "num_statements": 10, "percent_covered": 0.0, "percent_covered_display": "0.0", "missing_lines": 10, "excluded_lines": 0, "percent_statements_covered": 0.0, "percent_statements_covered_display": "0.0"}, "missing_lines": [443, 445, 446, 448, 450, 451, 457, 458, 459, 460], "excluded_lines": []}, "preview_withdrawals": {"executed_lines": [], "summary": {"covered_lines": 0, "num_statements": 35, "percent_covered": 0.0, "percent_covered_display": "0.0", "missing_lines": 35, "excluded_lines": 0, "percent_statements_covered": 0.0, "percent_statements_covered_display": "0.0"}, "missing_lines": [470, 472, 473, 475, 476, 477, 479, 481, 485, 486, 487, 488, 489, 491, 493, 494, 495, 497, 498, 499, 501, 506, 507, 508, 510, 513, 514, 518, 519, 520, 521, 523, 524, 526, 540], "excluded_lines": []}, "": {"executed_lines": [1, 2, 4, 6, 8, 9, 10, 12, 13, 17, 19, 20, 23, 24, 78, 79, 123, 124, 183, 184, 220, 223, 224, 225, 226, 227, 230, 231, 232, 233, 236, 237, 238, 239, 240, 241, 242, 243, 244, 245, 246, 247, 250, 251, 295, 296, 436, 437, 463, 464], "summary": {"covered_lines": 46, "num_statements": 46, "percent_covered": 100.0, "percent_covered_display": "100.0", "missing_lines": 0, "excluded_lines": 0, "percent_statements_covered": 100.0, "percent_statements_covered_display": "100.0"}, "missing_lines": [], "excluded_lines": []}}, "classes": {"PasteImportRequest": {"executed_lines": [], "summary": {"covered_lines": 0, "num_statements": 0, "percent_covered": 100.0, "percent_covered_display": "100.0", "missing_lines": 0, "excluded_lines": 0, "percent_statements_covered": 100.0, "percent_statements_covered_display": "100.0"}, "missing_lines": [], "excluded_lines": []}, "WithdrawalImportRequest": {"executed_lines": [], "summary": {"covered_lines": 0, "num_statements": 0, "percent_covered": 100.0, "percent_covered_display": "100.0", "missing_lines": 0, "excluded_lines": 0, "percent_statements_covered": 100.0, "percent_statements_covered_display": "100.0"}, "missing_lines": [], "excluded_lines": []}, "WithdrawalImportResponse": {"executed_lines": [], "summary": {"covered_lines": 0, "num_statements": 0, "percent_covered": 100.0, "percent_covered_display": "100.0", "missing_lines": 0, "excluded_lines": 0, "percent_statements_covered": 100.0, "percent_statements_covered_display": "100.0"}, "missing_lines": [], "excluded_lines": []}, "": {"executed_lines": [1, 2, 4, 6, 8, 9, 10, 12, 13, 17, 19, 20, 23, 24, 78, 79, 123, 124, 183, 184, 220, 223, 224, 225, 226, 227, 230, 231, 232, 233, 236, 237, 238, 239, 240, 241, 242, 243, 244, 245, 246, 247, 250, 251, 295, 296, 436, 437, 463, 464], "summary": {"covered_lines": 46, "num_statements": 224, "percent_covered": 20.535714285714285, "percent_covered_display": "20.5", "missing_lines": 178, "excluded_lines": 0, "percent_statements_covered": 20.535714285714285, "percent_statements_covered_display": "20.5"}, "missing_lines": [35, 37, 38, 41, 42, 44, 45, 46, 48, 50, 51, 52, 53, 54, 55, 56, 58, 60, 62, 63, 65, 75, 89, 91, 92, 95, 96, 99, 100, 101, 104, 105, 108, 109, 110, 113, 114, 116, 139, 141, 142, 144, 147, 148, 149, 152, 153, 155, 157, 162, 163, 165, 167, 172, 175, 176, 177, 179, 180, 198, 200, 201, 203, 206, 207, 208, 210, 211, 213, 266, 268, 269, 271, 273, 274, 280, 281, 287, 292, 310, 311, 313, 314, 316, 317, 318, 319, 321, 322, 325, 328, 329, 332, 335, 336, 338, 340, 341, 344, 345, 346, 347, 348, 349, 351, 352, 354, 355, 358, 359, 360, 362, 363, 366, 369, 370, 374, 375, 376, 377, 379, 381, 391, 404, 405, 406, 408, 409, 410, 411, 412, 414, 416, 443, 445, 446, 448, 450, 451, 457, 458, 459, 460, 470, 472, 473, 475, 476, 477, 479, 481, 485, 486, 487, 488, 489, 491, 493, 494, 495, 497, 498, 499, 501, 506, 507, 508, 510, 513, 514, 518, 519, 520, 521, 523, 524, 526, 540], "excluded_lines": []}}}, "app\\v2\\api\\admin\\daily_nudge_routes.py": {"executed_lines": [1, 9, 10, 11, 13, 14, 15, 17, 22, 23, 24, 25, 28, 29, 30, 31, 32, 35, 36, 37, 38, 39, 42, 43, 44, 45, 46, 47, 50, 51, 52, 53, 54, 57, 58, 59, 60, 61, 62, 63, 64, 65, 68, 69, 70, 71, 72, 73, 78, 79, 107, 108, 143, 144, 188, 189, 210, 211], "summary": {"covered_lines": 50, "num_statements": 66, "percent_covered": 75.75757575757575, "percent_covered_display": "75.8", "missing_lines": 16, "excluded_lines": 0, "percent_statements_covered": 75.75757575757575, "percent_statements_covered_display": "75.8"}, "missing_lines": [93, 97, 125, 126, 133, 140, 161, 168, 176, 177, 181, 185, 203, 207, 234, 240], "excluded_lines": [], "functions": {"get_nudge_targets": {"executed_lines": [], "summary": {"covered_lines": 0, "num_statements": 2, "percent_covered": 0.0, "percent_covered_display": "0.0", "missing_lines": 2, "excluded_lines": 0, "percent_statements_covered": 0.0, "percent_statements_covered_display": "0.0"}, "missing_lines": [93, 97], "excluded_lines": []}, "send_nudge": {"executed_lines": [], "summary": {"covered_lines": 0, "num_statements": 4, "percent_covered": 0.0, "percent_covered_display": "0.0", "missing_lines": 4, "excluded_lines": 0, "percent_statements_covered": 0.0, "percent_statements_covered_display": "0.0"}, "missing_lines": [125, 126, 133, 140], "excluded_lines": []}, "execute_nudge_batch": {"executed_lines": [], "summary": {"covered_lines": 0, "num_statements": 6, "percent_covered": 0.0, "percent_covered_display": "0.0", "missing_lines": 6, "excluded_lines": 0, "percent_statements_covered": 0.0, "percent_statements_covered_display": "0.0"}, "missing_lines": [161, 168, 176, 177, 181, 185], "excluded_lines": []}, "get_nudge_statistics": {"executed_lines": [], "summary": {"covered_lines": 0, "num_statements": 2, "percent_covered": 0.0, "percent_covered_display": "0.0", "missing_lines": 2, "excluded_lines": 0, "percent_statements_covered": 0.0, "percent_statements_covered_display": "0.0"}, "missing_lines": [203, 207], "excluded_lines": []}, "trigger_async_nudge_batch": {"executed_lines": [], "summary": {"covered_lines": 0, "num_statements": 2, "percent_covered": 0.0, "percent_covered_display": "0.0", "missing_lines": 2, "excluded_lines": 0, "percent_statements_covered": 0.0, "percent_statements_covered_display": "0.0"}, "missing_lines": [234, 240], "excluded_lines": []}, "": {"executed_lines": [1, 9, 10, 11, 13, 14, 15, 17, 22, 23, 24, 25, 28, 29, 30, 31, 32, 35, 36, 37, 38, 39, 42, 43, 44, 45, 46, 47, 50, 51, 52, 53, 54, 57, 58, 59, 60, 61, 62, 63, 64, 65, 68, 69, 70, 71, 72, 73, 78, 79, 107, 108, 143, 144, 188, 189, 210, 211], "summary": {"covered_lines": 50, "num_statements": 50, "percent_covered": 100.0, "percent_covered_display": "100.0", "missing_lines": 0, "excluded_lines": 0, "percent_statements_covered": 100.0, "percent_statements_covered_display": "100.0"}, "missing_lines": [], "excluded_lines": []}}, "classes": {"DailyNudgeTargetUser": {"executed_lines": [], "summary": {"covered_lines": 0, "num_statements": 0, "percent_covered": 100.0, "percent_covered_display": "100.0", "missing_lines": 0, "excluded_lines": 0, "percent_statements_covered": 100.0, "percent_statements_covered_display": "100.0"}, "missing_lines": [], "excluded_lines": []}, "DailyNudgeTargetsResponse": {"executed_lines": [], "summary": {"covered_lines": 0, "num_statements": 0, "percent_covered": 100.0, "percent_covered_display": "100.0", "missing_lines": 0, "excluded_lines": 0, "percent_statements_covered": 100.0, "percent_statements_covered_display": "100.0"}, "missing_lines": [], "excluded_lines": []}, "DailyNudgeSendRequest": {"executed_lines": [], "summary": {"covered_lines": 0, "num_statements": 0, "percent_covered": 100.0, "percent_covered_display": "100.0", "missing_lines": 0, "excluded_lines": 0, "percent_statements_covered": 100.0, "percent_statements_covered_display": "100.0"}, "missing_lines": [], "excluded_lines": []}, "DailyNudgeSendResponse": {"executed_lines": [], "summary": {"covered_lines": 0, "num_statements": 0, "percent_covered": 100.0, "percent_covered_display": "100.0", "missing_lines": 0, "excluded_lines": 0, "percent_statements_covered": 100.0, "percent_statements_covered_display": "100.0"}, "missing_lines": [], "excluded_lines": []}, "DailyNudgeBatchRequest": {"executed_lines": [], "summary": {"covered_lines": 0, "num_statements": 0, "percent_covered": 100.0, "percent_covered_display": "100.0", "missing_lines": 0, "excluded_lines": 0, "percent_statements_covered": 100.0, "percent_statements_covered_display": "100.0"}, "missing_lines": [], "excluded_lines": []}, "DailyNudgeBatchResponse": {"executed_lines": [], "summary": {"covered_lines": 0, "num_statements": 0, "percent_covered": 100.0, "percent_covered_display": "100.0", "missing_lines": 0, "excluded_lines": 0, "percent_statements_covered": 100.0, "percent_statements_covered_display": "100.0"}, "missing_lines": [], "excluded_lines": []}, "DailyNudgeStatisticsResponse": {"executed_lines": [], "summary": {"covered_lines": 0, "num_statements": 0, "percent_covered": 100.0, "percent_covered_display": "100.0", "missing_lines": 0, "excluded_lines": 0, "percent_statements_covered": 100.0, "percent_statements_covered_display": "100.0"}, "missing_lines": [], "excluded_lines": []}, "": {"executed_lines": [1, 9, 10, 11, 13, 14, 15, 17, 22, 23, 24, 25, 28, 29, 30, 31, 32, 35, 36, 37, 38, 39, 42, 43, 44, 45, 46, 47, 50, 51, 52, 53, 54, 57, 58, 59, 60, 61, 62, 63, 64, 65, 68, 69, 70, 71, 72, 73, 78, 79, 107, 108, 143, 144, 188, 189, 210, 211], "summary": {"covered_lines": 50, "num_statements": 66, "percent_covered": 75.75757575757575, "percent_covered_display": "75.8", "missing_lines": 16, "excluded_lines": 0, "percent_statements_covered": 75.75757575757575, "percent_statements_covered_display": "75.8"}, "missing_lines": [93, 97, 125, 126, 133, 140, 161, 168, 176, 177, 181, 185, 203, 207, 234, 240], "excluded_lines": []}}}, "app\\v2\\api\\admin\\economy_routes.py": {"executed_lines": [1, 2, 3, 5, 6, 7, 8, 9, 11, 12, 13, 14, 15, 16, 42, 43, 44, 45, 46, 48, 49, 52, 58, 91, 112, 184, 188, 192, 193, 195, 198, 199, 203, 204, 233, 234, 285, 286, 324, 325, 385, 386, 438, 439, 473, 474, 517, 518, 550, 551, 582, 583, 606, 607, 636, 637, 693, 694, 749, 750, 803, 804, 842, 843, 886, 887, 918, 919, 956, 957, 978, 979, 997, 998, 1011, 1012, 1040, 1041, 1077, 1078, 1101, 1102, 1120, 1121, 1134, 1135, 1232, 1233, 1241, 1242, 1254, 1255, 1267, 1268, 1319, 1320, 1327, 1328, 1343, 1344], "summary": {"covered_lines": 100, "num_statements": 529, "percent_covered": 18.90359168241966, "percent_covered_display": "18.9", "missing_lines": 429, "excluded_lines": 0, "percent_statements_covered": 18.90359168241966, "percent_statements_covered_display": "18.9"}, "missing_lines": [53, 55, 67, 68, 69, 71, 77, 79, 80, 82, 88, 92, 93, 94, 95, 96, 97, 98, 99, 100, 101, 102, 103, 104, 105, 106, 107, 108, 109, 128, 168, 169, 170, 181, 185, 189, 207, 244, 246, 248, 249, 250, 252, 254, 255, 256, 257, 258, 259, 260, 262, 263, 264, 266, 267, 269, 271, 282, 293, 297, 298, 303, 304, 311, 330, 332, 333, 334, 336, 338, 340, 342, 351, 352, 354, 357, 359, 360, 362, 364, 366, 375, 392, 393, 398, 399, 401, 402, 404, 405, 407, 408, 410, 412, 413, 415, 417, 427, 428, 444, 445, 450, 451, 453, 454, 456, 457, 459, 461, 470, 478, 479, 480, 482, 483, 484, 486, 487, 488, 490, 497, 499, 500, 501, 514, 522, 524, 526, 527, 528, 529, 530, 547, 555, 557, 558, 562, 563, 564, 565, 566, 567, 568, 571, 572, 573, 574, 576, 577, 579, 589, 590, 591, 592, 593, 594, 595, 596, 597, 598, 599, 600, 601, 602, 603, 613, 614, 615, 616, 617, 618, 619, 620, 621, 622, 623, 624, 625, 626, 627, 628, 629, 643, 645, 648, 649, 650, 652, 664, 665, 667, 676, 701, 703, 704, 705, 706, 707, 708, 709, 710, 711, 712, 713, 714, 715, 716, 717, 718, 719, 720, 721, 722, 723, 724, 725, 726, 727, 728, 729, 731, 740, 742, 743, 745, 746, 756, 758, 759, 761, 762, 763, 765, 766, 768, 769, 770, 771, 772, 773, 775, 776, 777, 778, 779, 780, 781, 783, 784, 785, 787, 788, 790, 791, 800, 814, 816, 820, 821, 823, 824, 826, 828, 838, 839, 854, 856, 860, 861, 863, 864, 866, 868, 878, 879, 888, 894, 900, 902, 904, 905, 906, 907, 909, 916, 920, 922, 923, 924, 926, 931, 933, 934, 935, 944, 954, 963, 964, 965, 967, 968, 976, 985, 986, 987, 989, 990, 991, 992, 994, 995, 999, 1000, 1001, 1002, 1003, 1004, 1013, 1018, 1024, 1026, 1027, 1028, 1029, 1030, 1032, 1038, 1042, 1044, 1045, 1046, 1048, 1053, 1055, 1056, 1057, 1066, 1075, 1084, 1085, 1086, 1088, 1089, 1096, 1097, 1098, 1099, 1108, 1109, 1110, 1112, 1113, 1114, 1115, 1117, 1118, 1122, 1123, 1124, 1125, 1126, 1127, 1141, 1142, 1143, 1144, 1146, 1147, 1148, 1149, 1150, 1153, 1156, 1157, 1158, 1159, 1160, 1161, 1163, 1166, 1169, 1170, 1171, 1172, 1173, 1174, 1176, 1178, 1188, 1189, 1190, 1191, 1193, 1194, 1206, 1207, 1208, 1210, 1211, 1224, 1225, 1238, 1248, 1249, 1250, 1251, 1261, 1262, 1263, 1264, 1279, 1280, 1281, 1284, 1287, 1290, 1293, 1298, 1299, 1301, 1303, 1324, 1333, 1339, 1340, 1349, 1350, 1356, 1357], "excluded_lines": [], "functions": {"_product_id_from_sku": {"executed_lines": [], "summary": {"covered_lines": 0, "num_statements": 2, "percent_covered": 0.0, "percent_covered_display": "0.0", "missing_lines": 2, "excluded_lines": 0, "percent_statements_covered": 0.0, "percent_statements_covered_display": "0.0"}, "missing_lines": [53, 55], "excluded_lines": []}, "_sync_cumulative_deposit": {"executed_lines": [], "summary": {"covered_lines": 0, "num_statements": 9, "percent_covered": 0.0, "percent_covered_display": "0.0", "missing_lines": 9, "excluded_lines": 0, "percent_statements_covered": 0.0, "percent_statements_covered_display": "0.0"}, "missing_lines": [67, 68, 69, 71, 77, 79, 80, 82, 88], "excluded_lines": []}, "_classify_product_category": {"executed_lines": [], "summary": {"covered_lines": 0, "num_statements": 18, "percent_covered": 0.0, "percent_covered_display": "0.0", "missing_lines": 18, "excluded_lines": 0, "percent_statements_covered": 0.0, "percent_statements_covered_display": "0.0"}, "missing_lines": [92, 93, 94, 95, 96, 97, 98, 99, 100, 101, 102, 103, 104, 105, 106, 107, 108, 109], "excluded_lines": []}, "_build_sot_shop_catalog_defaults": {"executed_lines": [], "summary": {"covered_lines": 0, "num_statements": 5, "percent_covered": 0.0, "percent_covered_display": "0.0", "missing_lines": 5, "excluded_lines": 0, "percent_statements_covered": 0.0, "percent_statements_covered_display": "0.0"}, "missing_lines": [128, 168, 169, 170, 181], "excluded_lines": []}, "_load_v2_shop_products": {"executed_lines": [], "summary": {"covered_lines": 0, "num_statements": 1, "percent_covered": 0.0, "percent_covered_display": "0.0", "missing_lines": 1, "excluded_lines": 0, "percent_statements_covered": 0.0, "percent_statements_covered_display": "0.0"}, "missing_lines": [185], "excluded_lines": []}, "_save_v2_shop_products": {"executed_lines": [], "summary": {"covered_lines": 0, "num_statements": 1, "percent_covered": 0.0, "percent_covered_display": "0.0", "missing_lines": 1, "excluded_lines": 0, "percent_statements_covered": 0.0, "percent_statements_covered_display": "0.0"}, "missing_lines": [189], "excluded_lines": []}, "get_wallet_transaction_types": {"executed_lines": [], "summary": {"covered_lines": 0, "num_statements": 1, "percent_covered": 0.0, "percent_covered_display": "0.0", "missing_lines": 1, "excluded_lines": 0, "percent_statements_covered": 0.0, "percent_statements_covered_display": "0.0"}, "missing_lines": [207], "excluded_lines": []}, "list_admin_withdrawals": {"executed_lines": [], "summary": {"covered_lines": 0, "num_statements": 21, "percent_covered": 0.0, "percent_covered_display": "0.0", "missing_lines": 21, "excluded_lines": 0, "percent_statements_covered": 0.0, "percent_statements_covered_display": "0.0"}, "missing_lines": [244, 246, 248, 249, 250, 252, 254, 255, 256, 257, 258, 259, 260, 262, 263, 264, 266, 267, 269, 271, 282], "excluded_lines": []}, "list_deposit_logs": {"executed_lines": [], "summary": {"covered_lines": 0, "num_statements": 6, "percent_covered": 0.0, "percent_covered_display": "0.0", "missing_lines": 6, "excluded_lines": 0, "percent_statements_covered": 0.0, "percent_statements_covered_display": "0.0"}, "missing_lines": [293, 297, 298, 303, 304, 311], "excluded_lines": []}, "create_deposit_log": {"executed_lines": [], "summary": {"covered_lines": 0, "num_statements": 18, "percent_covered": 0.0, "percent_covered_display": "0.0", "missing_lines": 18, "excluded_lines": 0, "percent_statements_covered": 0.0, "percent_statements_covered_display": "0.0"}, "missing_lines": [330, 332, 333, 334, 336, 338, 340, 342, 351, 352, 354, 357, 359, 360, 362, 364, 366, 375], "excluded_lines": []}, "update_deposit_log": {"executed_lines": [], "summary": {"covered_lines": 0, "num_statements": 17, "percent_covered": 0.0, "percent_covered_display": "0.0", "missing_lines": 17, "excluded_lines": 0, "percent_statements_covered": 0.0, "percent_statements_covered_display": "0.0"}, "missing_lines": [392, 393, 398, 399, 401, 402, 404, 405, 407, 408, 410, 412, 413, 415, 417
[...]
y": "100.0", "missing_lines": 0, "excluded_lines": 0, "percent_statements_covered": 100.0, "percent_statements_covered_display": "100.0"}, "missing_lines": [], "excluded_lines": []}}}, "app\\worker\\celery_app.py": {"executed_lines": [1, 2, 3, 5, 7, 19, 52], "summary": {"covered_lines": 7, "num_statements": 8, "percent_covered": 87.5, "percent_covered_display": "87.5", "missing_lines": 1, "excluded_lines": 0, "percent_statements_covered": 87.5, "percent_statements_covered_display": "87.5"}, "missing_lines": [53], "excluded_lines": [], "functions": {"": {"executed_lines": [1, 2, 3, 5, 7, 19, 52], "summary": {"covered_lines": 7, "num_statements": 8, "percent_covered": 87.5, "percent_covered_display": "87.5", "missing_lines": 1, "excluded_lines": 0, "percent_statements_covered": 87.5, "percent_statements_covered_display": "87.5"}, "missing_lines": [53], "excluded_lines": []}}, "classes": {"": {"executed_lines": [1, 2, 3, 5, 7, 19, 52], "summary": {"covered_lines": 7, "num_statements": 8, "percent_covered": 87.5, "percent_covered_display": "87.5", "missing_lines": 1, "excluded_lines": 0, "percent_statements_covered": 87.5, "percent_statements_covered_display": "87.5"}, "missing_lines": [53], "excluded_lines": []}}}, "app\\workers\\ch25_event_worker.py": {"executed_lines": [1, 7, 9, 10, 11, 12, 13, 14, 15, 16, 18, 20, 21, 22, 24, 25, 26, 29, 30, 31, 33, 34, 35, 36, 38, 39, 40, 42, 43, 44, 47, 63, 75, 88, 93, 107, 117, 121, 133, 140, 151, 167, 188, 217, 239, 259, 274, 281, 285, 303, 330, 685, 693], "summary": {"covered_lines": 52, "num_statements": 451, "percent_covered": 11.529933481152993, "percent_covered_display": "11.5", "missing_lines": 399, "excluded_lines": 5, "percent_statements_covered": 11.529933481152993, "percent_statements_covered_display": "11.5"}, "missing_lines": [48, 49, 54, 56, 57, 58, 59, 60, 64, 65, 66, 67, 68, 69, 70, 71, 72, 76, 77, 78, 79, 80, 81, 82, 83, 84, 85, 89, 90, 94, 95, 104, 108, 109, 110, 111, 112, 113, 114, 118, 122, 123, 124, 125, 126, 127, 128, 129, 130, 134, 135, 136, 137, 141, 142, 143, 144, 145, 146, 147, 148, 152, 153, 154, 155, 156, 157, 168, 169, 170, 171, 172, 173, 174, 175, 176, 189, 190, 191, 192, 194, 195, 196, 197, 198, 200, 203, 204, 205, 214, 218, 219, 220, 221, 222, 223, 224, 225, 226, 227, 228, 229, 230, 231, 232, 233, 234, 235, 236, 240, 241, 243, 244, 245, 247, 248, 249, 250, 252, 254, 255, 256, 260, 261, 262, 263, 264, 265, 266, 267, 268, 269, 270, 271, 275, 277, 278, 282, 286, 287, 288, 289, 290, 291, 292, 293, 294, 295, 296, 297, 298, 299, 300, 304, 305, 306, 307, 308, 309, 310, 311, 312, 313, 314, 315, 316, 317, 318, 319, 331, 332, 333, 334, 336, 337, 338, 339, 340, 341, 343, 348, 349, 350, 351, 352, 353, 360, 361, 363, 364, 365, 366, 367, 368, 370, 371, 372, 373, 374, 376, 377, 378, 379, 381, 382, 383, 384, 386, 387, 388, 389, 390, 391, 392, 393, 394, 395, 396, 398, 399, 400, 401, 402, 403, 404, 406, 407, 408, 410, 411, 412, 413, 414, 415, 416, 418, 419, 420, 421, 422, 424, 425, 426, 427, 437, 438, 440, 441, 443, 444, 445, 446, 447, 448, 449, 450, 451, 452, 453, 454, 456, 457, 458, 459, 460, 461, 462, 463, 464, 465, 466, 467, 469, 470, 472, 473, 474, 475, 476, 477, 478, 480, 481, 482, 483, 484, 485, 486, 487, 488, 489, 490, 491, 492, 493, 495, 496, 497, 498, 499, 500, 501, 502, 503, 504, 505, 506, 508, 509, 511, 512, 513, 514, 515, 516, 517, 518, 520, 521, 522, 523, 524, 525, 526, 527, 528, 529, 531, 532, 533, 534, 535, 537, 539, 540, 541, 542, 543, 544, 545, 546, 547, 549, 550, 552, 553, 555, 556, 559, 560, 561, 575, 576, 577, 589, 590, 591, 592, 593, 594, 595, 596, 597, 598, 612, 613, 614, 615, 628, 631, 632, 633, 647, 648, 649, 661, 663, 664, 665, 666, 667, 668, 669, 670, 671, 672, 673, 674, 675, 676, 678, 679, 680, 681, 682, 686, 687, 688, 694], "excluded_lines": [50, 51, 52, 689, 690], "functions": {"_get_redis_client": {"executed_lines": [], "summary": {"covered_lines": 0, "num_statements": 8, "percent_covered": 0.0, "percent_covered_display": "0.0", "missing_lines": 8, "excluded_lines": 3, "percent_statements_covered": 0.0, "percent_statements_covered_display": "0.0"}, "missing_lines": [48, 49, 54, 56, 57, 58, 59, 60], "excluded_lines": [50, 51, 52]}, "_parse_amount": {"executed_lines": [], "summary": {"covered_lines": 0, "num_statements": 9, "percent_covered": 0.0, "percent_covered_display": "0.0", "missing_lines": 9, "excluded_lines": 0, "percent_statements_covered": 0.0, "percent_statements_covered_display": "0.0"}, "missing_lines": [64, 65, 66, 67, 68, 69, 70, 71, 72], "excluded_lines": []}, "_parse_datetime_kst": {"executed_lines": [], "summary": {"covered_lines": 0, "num_statements": 10, "percent_covered": 0.0, "percent_covered_display": "0.0", "missing_lines": 10, "excluded_lines": 0, "percent_statements_covered": 0.0, "percent_statements_covered_display": "0.0"}, "missing_lines": [76, 77, 78, 79, 80, 81, 82, 83, 84, 85], "excluded_lines": []}, "_kst_day_key": {"executed_lines": [], "summary": {"covered_lines": 0, "num_statements": 2, "percent_covered": 0.0, "percent_covered_display": "0.0", "missing_lines": 2, "excluded_lines": 0, "percent_statements_covered": 0.0, "percent_statements_covered_display": "0.0"}, "missing_lines": [89, 90], "excluded_lines": []}, "_seconds_until_kst_day_end": {"executed_lines": [], "summary": {"covered_lines": 0, "num_statements": 3, "percent_covered": 0.0, "percent_covered_display": "0.0", "missing_lines": 3, "excluded_lines": 0, "percent_statements_covered": 0.0, "percent_statements_covered_display": "0.0"}, "missing_lines": [94, 95, 104], "excluded_lines": []}, "_extract_external_id": {"executed_lines": [], "summary": {"covered_lines": 0, "num_statements": 7, "percent_covered": 0.0, "percent_covered_display": "0.0", "missing_lines": 7, "excluded_lines": 0, "percent_statements_covered": 0.0, "percent_statements_covered_display": "0.0"}, "missing_lines": [108, 109, 110, 111, 112, 113, 114], "excluded_lines": []}, "_is_masked_external_id": {"executed_lines": [], "summary": {"covered_lines": 0, "num_statements": 1, "percent_covered": 0.0, "percent_covered_display": "0.0", "missing_lines": 1, "excluded_lines": 0, "percent_statements_covered": 0.0, "percent_statements_covered_display": "0.0"}, "missing_lines": [118], "excluded_lines": []}, "_build_user_key": {"executed_lines": [], "summary": {"covered_lines": 0, "num_statements": 9, "percent_covered": 0.0, "percent_covered_display": "0.0", "missing_lines": 9, "excluded_lines": 0, "percent_statements_covered": 0.0, "percent_statements_covered_display": "0.0"}, "missing_lines": [122, 123, 124, 125, 126, 127, 128, 129, 130], "excluded_lines": []}, "_split_columns": {"executed_lines": [], "summary": {"covered_lines": 0, "num_statements": 4, "percent_covered": 0.0, "percent_covered_display": "0.0", "missing_lines": 4, "excluded_lines": 0, "percent_statements_covered": 0.0, "percent_statements_covered_display": "0.0"}, "missing_lines": [134, 135, 136, 137], "excluded_lines": []}, "_classify_game_type": {"executed_lines": [], "summary": {"covered_lines": 0, "num_statements": 8, "percent_covered": 0.0, "percent_covered_display": "0.0", "missing_lines": 8, "excluded_lines": 0, "percent_statements_covered": 0.0, "percent_statements_covered_display": "0.0"}, "missing_lines": [141, 142, 143, 144, 145, 146, 147, 148], "excluded_lines": []}, "_parse_casino_line": {"executed_lines": [], "summary": {"covered_lines": 0, "num_statements": 6, "percent_covered": 0.0, "percent_covered_display": "0.0", "missing_lines": 6, "excluded_lines": 0, "percent_statements_covered": 0.0, "percent_statements_covered_display": "0.0"}, "missing_lines": [152, 153, 154, 155, 156, 157], "excluded_lines": []}, "_parse_sports_line": {"executed_lines": [], "summary": {"covered_lines": 0, "num_statements": 9, "percent_covered": 0.0, "percent_covered_display": "0.0", "missing_lines": 9, "excluded_lines": 0, "percent_statements_covered": 0.0, "percent_statements_covered_display": "0.0"}, "missing_lines": [168, 169, 170, 171, 172, 173, 174, 175, 176], "excluded_lines": []}, "_parse_line": {"executed_lines": [], "summary": {"covered_lines": 0, "num_statements": 14, "percent_covered": 0.0, "percent_covered_display": "0.0", "missing_lines": 14, "excluded_lines": 0, "percent_statements_covered": 0.0, "percent_statements_covered_display": "0.0"}, "missing_lines": [189, 190, 191, 192, 194, 195, 196, 197, 198, 200, 203, 204, 205, 214], "excluded_lines": []}, "_extract_lines_from_fields": {"executed_lines": [], "summary": {"covered_lines": 0, "num_statements": 19, "percent_covered": 0.0, "percent_covered_display": "0.0", "missing_lines": 19, "excluded_lines": 0, "percent_statements_covered": 0.0, "percent_statements_covered_display": "0.0"}, "missing_lines": [218, 219, 220, 221, 222, 223, 224, 225, 226, 227, 228, 229, 230, 231, 232, 233, 234, 235, 236], "excluded_lines": []}, "_resolve_user_id": {"executed_lines": [], "summary": {"covered_lines": 0, "num_statements": 6, "percent_covered": 0.0, "percent_covered_display": "0.0", "missing_lines": 6, "excluded_lines": 0, "percent_statements_covered": 0.0, "percent_statements_covered_display": "0.0"}, "missing_lines": [240, 241, 243, 254, 255, 256], "excluded_lines": []}, "_resolve_user_id._lookup": {"executed_lines": [], "summary": {"covered_lines": 0, "num_statements": 7, "percent_covered": 0.0, "percent_covered_display": "0.0", "missing_lines": 7, "excluded_lines": 0, "percent_statements_covered": 0.0, "percent_statements_covered_display": "0.0"}, "missing_lines": [244, 245, 247, 248, 249, 250, 252], "excluded_lines": []}, "_record_amount_window": {"executed_lines": [], "summary": {"covered_lines": 0, "num_statements": 12, "percent_covered": 0.0, "percent_covered_display": "0.0", "missing_lines": 12, "excluded_lines": 0, "percent_statements_covered": 0.0, "percent_statements_covered_display": "0.0"}, "missing_lines": [260, 261, 262, 263, 264, 265, 266, 267, 268, 269, 270, 271], "excluded_lines": []}, "_publish_event": {"executed_lines": [], "summary": {"covered_lines": 0, "num_statements": 3, "percent_covered": 0.0, "percent_covered_display": "0.0", "missing_lines": 3, "excluded_lines": 0, "percent_statements_covered": 0.0, "percent_statements_covered_display": "0.0"}, "missing_lines": [275, 277, 278], "excluded_lines": []}, "_set_psych_state": {"executed_lines": [], "summary": {"covered_lines": 0, "num_statements": 1, "percent_covered": 0.0, "percent_covered_display": "0.0", "missing_lines": 1, "excluded_lines": 0, "percent_statements_covered": 0.0, "percent_statements_covered_display": "0.0"}, "missing_lines": [282], "excluded_lines": []}, "_handle_normalized_event": {"executed_lines": [], "summary": {"covered_lines": 0, "num_statements": 15, "percent_covered": 0.0, "percent_covered_display": "0.0", "missing_lines": 15, "excluded_lines": 0, "percent_statements_covered": 0.0, "percent_statements_covered_display": "0.0"}, "missing_lines": [286, 287, 288, 289, 290, 291, 292, 293, 294, 295, 296, 297, 298, 299, 300], "excluded_lines": []}, "_extract_internal_event": {"executed_lines": [], "summary": {"covered_lines": 0, "num_statements": 16, "percent_covered": 0.0, "percent_covered_display": "0.0", "missing_lines": 16, "excluded_lines": 0, "percent_statements_covered": 0.0, "percent_statements_covered_display": "0.0"}, "missing_lines": [304, 305, 306, 307, 308, 309, 310, 311, 312, 313, 314, 315, 316, 317, 318, 319], "excluded_lines": []}, "run_ch25_event_worker": {"executed_lines": [], "summary": {"covered_lines": 0, "num_statements": 226, "percent_covered": 0.0, "percent_covered_display": "0.0", "missing_lines": 226, "excluded_lines": 0, "percent_statements_covered": 0.0, "percent_statements_covered_display": "0.0"}, "missing_lines": [331, 332, 333, 334, 336, 337, 338, 339, 340, 341, 343, 348, 349, 350, 351, 352, 353, 360, 361, 363, 364, 365, 366, 367, 368, 370, 371, 372, 373, 374, 376, 377, 378, 379, 381, 382, 383, 384, 386, 387, 388, 389, 390, 391, 392, 393, 394, 395, 396, 398, 399, 400, 401, 402, 403, 404, 406, 407, 408, 410, 411, 412, 413, 414, 415, 416, 418, 419, 420, 421, 422, 424, 425, 426, 427, 437, 438, 440, 441, 443, 444, 445, 446, 447, 448, 449, 450, 451, 452, 453, 454, 456, 457, 458, 459, 460, 461, 462, 463, 464, 465, 466, 467, 469, 470, 472, 473, 474, 475, 476, 477, 478, 480, 481, 482, 483, 484, 485, 486, 487, 488, 489, 490, 491, 492, 493, 495, 496, 497, 498, 499, 500, 501, 502, 503, 504, 505, 506, 508, 509, 511, 512, 513, 514, 515, 516, 517, 518, 520, 521, 522, 523, 524, 525, 526, 527, 528, 529, 531, 532, 533, 534, 535, 537, 539, 540, 541, 542, 543, 544, 545, 546, 547, 549, 550, 552, 553, 555, 556, 559, 560, 561, 575, 576, 577, 589, 590, 591, 592, 593, 594, 595, 596, 597, 598, 612, 613, 614, 615, 628, 631, 632, 633, 647, 648, 649, 661, 663, 664, 665, 666, 667, 668, 669, 670, 671, 672, 673, 674, 675, 676, 678, 679, 680, 681, 682], "excluded_lines": []}, "main": {"executed_lines": [], "summary": {"covered_lines": 0, "num_statements": 3, "percent_covered": 0.0, "percent_covered_display": "0.0", "missing_lines": 3, "excluded_lines": 2, "percent_statements_covered": 0.0, "percent_statements_covered_display": "0.0"}, "missing_lines": [686, 687, 688], "excluded_lines": [689, 690]}, "": {"executed_lines": [1, 7, 9, 10, 11, 12, 13, 14, 15, 16, 18, 20, 21, 22, 24, 25, 26, 29, 30, 31, 33, 34, 35, 36, 38, 39, 40, 42, 43, 44, 47, 63, 75, 88, 93, 107, 117, 121, 133, 140, 151, 167, 188, 217, 239, 259, 274, 281, 285, 303, 330, 685, 693], "summary": {"covered_lines": 52, "num_statements": 53, "percent_covered": 98.11320754716981, "percent_covered_display": "98.1", "missing_lines": 1, "excluded_lines": 0, "percent_statements_covered": 98.11320754716981, "percent_statements_covered_display": "98.1"}, "missing_lines": [694], "excluded_lines": []}}, "classes": {"": {"executed_lines": [1, 7, 9, 10, 11, 12, 13, 14, 15, 16, 18, 20, 21, 22, 24, 25, 26, 29, 30, 31, 33, 34, 35, 36, 38, 39, 40, 42, 43, 44, 47, 63, 75, 88, 93, 107, 117, 121, 133, 140, 151, 167, 188, 217, 239, 259, 274, 281, 285, 303, 330, 685, 693], "summary": {"covered_lines": 52, "num_statements": 451, "percent_covered": 11.529933481152993, "percent_covered_display": "11.5", "missing_lines": 399, "excluded_lines": 5, "percent_statements_covered": 11.529933481152993, "percent_statements_covered_display": "11.5"}, "missing_lines": [48, 49, 54, 56, 57, 58, 59, 60, 64, 65, 66, 67, 68, 69, 70, 71, 72, 76, 77, 78, 79, 80, 81, 82, 83, 84, 85, 89, 90, 94, 95, 104, 108, 109, 110, 111, 112, 113, 114, 118, 122, 123, 124, 125, 126, 127, 128, 129, 130, 134, 135, 136, 137, 141, 142, 143, 144, 145, 146, 147, 148, 152, 153, 154, 155, 156, 157, 168, 169, 170, 171, 172, 173, 174, 175, 176, 189, 190, 191, 192, 194, 195, 196, 197, 198, 200, 203, 204, 205, 214, 218, 219, 220, 221, 222, 223, 224, 225, 226, 227, 228, 229, 230, 231, 232, 233, 234, 235, 236, 240, 241, 243, 244, 245, 247, 248, 249, 250, 252, 254, 255, 256, 260, 261, 262, 263, 264, 265, 266, 267, 268, 269, 270, 271, 275, 277, 278, 282, 286, 287, 288, 289, 290, 291, 292, 293, 294, 295, 296, 297, 298, 299, 300, 304, 305, 306, 307, 308, 309, 310, 311, 312, 313, 314, 315, 316, 317, 318, 319, 331, 332, 333, 334, 336, 337, 338, 339, 340, 341, 343, 348, 349, 350, 351, 352, 353, 360, 361, 363, 364, 365, 366, 367, 368, 370, 371, 372, 373, 374, 376, 377, 378, 379, 381, 382, 383, 384, 386, 387, 388, 389, 390, 391, 392, 393, 394, 395, 396, 398, 399, 400, 401, 402, 403, 404, 406, 407, 408, 410, 411, 412, 413, 414, 415, 416, 418, 419, 420, 421, 422, 424, 425, 426, 427, 437, 438, 440, 441, 443, 444, 445, 446, 447, 448, 449, 450, 451, 452, 453, 454, 456, 457, 458, 459, 460, 461, 462, 463, 464, 465, 466, 467, 469, 470, 472, 473, 474, 475, 476, 477, 478, 480, 481, 482, 483, 484, 485, 486, 487, 488, 489, 490, 491, 492, 493, 495, 496, 497, 498, 499, 500, 501, 502, 503, 504, 505, 506, 508, 509, 511, 512, 513, 514, 515, 516, 517, 518, 520, 521, 522, 523, 524, 525, 526, 527, 528, 529, 531, 532, 533, 534, 535, 537, 539, 540, 541, 542, 543, 544, 545, 546, 547, 549, 550, 552, 553, 555, 556, 559, 560, 561, 575, 576, 577, 589, 590, 591, 592, 593, 594, 595, 596, 597, 598, 612, 613, 614, 615, 628, 631, 632, 633, 647, 648, 649, 661, 663, 664, 665, 666, 667, 668, 669, 670, 671, 672, 673, 674, 675, 676, 678, 679, 680, 681, 682, 686, 687, 688, 694], "excluded_lines": [50, 51, 52, 689, 690]}}}, "app\\workers\\ops_outbox_worker.py": {"executed_lines": [1, 6, 8, 9, 10, 11, 13, 16, 32, 36, 117, 125], "summary": {"covered_lines": 11, "num_statements": 82, "percent_covered": 13.414634146341463, "percent_covered_display": "13.4", "missing_lines": 71, "excluded_lines": 5, "percent_statements_covered": 13.414634146341463, "percent_statements_covered_display": "13.4"}, "missing_lines": [17, 18, 23, 25, 26, 27, 28, 29, 33, 44, 45, 46, 47, 49, 51, 52, 53, 54, 55, 57, 58, 59, 61, 66, 67, 68, 69, 70, 71, 72, 73, 74, 75, 76, 77, 78, 79, 80, 82, 83, 84, 85, 86, 87, 88, 89, 90, 91, 92, 93, 94, 95, 96, 97, 98, 99, 100, 101, 102, 103, 104, 105, 107, 108, 109, 110, 111, 118, 119, 120, 126], "excluded_lines": [19, 20, 21, 121, 122], "functions": {"_get_redis_client": {"executed_lines": [], "summary": {"covered_lines": 0, "num_statements": 8, "percent_covered": 0.0, "percent_covered_display": "0.0", "missing_lines": 8, "excluded_lines": 3, "percent_statements_covered": 0.0, "percent_statements_covered_display": "0.0"}, "missing_lines": [17, 18, 23, 25, 26, 27, 28, 29], "excluded_lines": [19, 20, 21]}, "_publish_ws": {"executed_lines": [], "summary": {"covered_lines": 0, "num_statements": 1, "percent_covered": 0.0, "percent_covered_display": "0.0", "missing_lines": 1, "excluded_lines": 0, "percent_statements_covered": 0.0, "percent_statements_covered_display": "0.0"}, "missing_lines": [33], "excluded_lines": []}, "run_ops_outbox_worker": {"executed_lines": [], "summary": {"covered_lines": 0, "num_statements": 58, "percent_covered": 0.0, "percent_covered_display": "0.0", "missing_lines": 58, "excluded_lines": 0, "percent_statements_covered": 0.0, "percent_statements_covered_display": "0.0"}, "missing_lines": [44, 45, 46, 47, 49, 51, 52, 53, 54, 55, 57, 58, 59, 61, 66, 67, 68, 69, 70, 71, 72, 73, 74, 75, 76, 77, 78, 79, 80, 82, 83, 84, 85, 86, 87, 88, 89, 90, 91, 92, 93, 94, 95, 96, 97, 98, 99, 100, 101, 102, 103, 104, 105, 107, 108, 109, 110, 111], "excluded_lines": []}, "main": {"executed_lines": [], "summary": {"covered_lines": 0, "num_statements": 3, "percent_covered": 0.0, "percent_covered_display": "0.0", "missing_lines": 3, "excluded_lines": 2, "percent_statements_covered": 0.0, "percent_statements_covered_display": "0.0"}, "missing_lines": [118, 119, 120], "excluded_lines": [121, 122]}, "": {"executed_lines": [1, 6, 8, 9, 10, 11, 13, 16, 32, 36, 117, 125], "summary": {"covered_lines": 11, "num_statements": 12, "percent_covered": 91.66666666666667, "percent_covered_display": "91.7", "missing_lines": 1, "excluded_lines": 0, "percent_statements_covered": 91.66666666666667, "percent_statements_covered_display": "91.7"}, "missing_lines": [126], "excluded_lines": []}}, "classes": {"": {"executed_lines": [1, 6, 8, 9, 10, 11, 13, 16, 32, 36, 117, 125], "summary": {"covered_lines": 11, "num_statements": 82, "percent_covered": 13.414634146341463, "percent_covered_display": "13.4", "missing_lines": 71, "excluded_lines": 5, "percent_statements_covered": 13.414634146341463, "percent_statements_covered_display": "13.4"}, "missing_lines": [17, 18, 23, 25, 26, 27, 28, 29, 33, 44, 45, 46, 47, 49, 51, 52, 53, 54, 55, 57, 58, 59, 61, 66, 67, 68, 69, 70, 71, 72, 73, 74, 75, 76, 77, 78, 79, 80, 82, 83, 84, 85, 86, 87, 88, 89, 90, 91, 92, 93, 94, 95, 96, 97, 98, 99, 100, 101, 102, 103, 104, 105, 107, 108, 109, 110, 111, 118, 119, 120, 126], "excluded_lines": [19, 20, 21, 121, 122]}}}}, "totals": {"covered_lines": 4801, "num_statements": 14889, "percent_covered": 32.24528175162872, "percent_covered_display": "32.2", "missing_lines": 10088, "excluded_lines": 22, "percent_statements_covered": 32.24528175162872, "percent_statements_covered_display": "32.2"}}